Build started 9/5/2013 11:54:46 PM.
     1>Project "C:\jun\AutodeskResearch\git\designscript\UIs\Studio\DesignScriptStudio.Renderer\DesignScriptStudio.Renderer.vcxproj" on node 2 (rebuild target(s)).
     1>ResolveAssemblyReferences:
         Primary reference "ProtoInterface".
     1>c:\WINDOWS\Microsoft.NET\Framework\v4.0.30319\Microsoft.Common.Targets(1360,9): warning MSB3245: Could not resolve this reference. Could not locate the assembly "ProtoInterface". Check to make sure the assembly exists on disk. If this reference is required by your code, you may get compilation errors.
                 For SearchPath "c:\Program Files (x86)\Microsoft Visual Studio 10.0\VC\atlmfc\lib".
                 Considered "c:\Program Files (x86)\Microsoft Visual Studio 10.0\VC\atlmfc\lib\ProtoInterface.dll", but it didn't exist.
                 Considered "c:\Program Files (x86)\Microsoft Visual Studio 10.0\VC\atlmfc\lib\ProtoInterface.exe", but it didn't exist.
                 For SearchPath "c:\Program Files (x86)\Microsoft Visual Studio 10.0\VC\lib".
                 Considered "c:\Program Files (x86)\Microsoft Visual Studio 10.0\VC\lib\ProtoInterface.dll", but it didn't exist.
                 Considered "c:\Program Files (x86)\Microsoft Visual Studio 10.0\VC\lib\ProtoInterface.exe", but it didn't exist.
                 For SearchPath "{HintPathFromItem}".
                 Considered "C:\jun\AutodeskResearch\git\designscript\bin\x86\Debug\ProtoInterface.dll", but it didn't exist.
                 For SearchPath "{TargetFrameworkDirectory}".
                 Considered "C:\Program Files (x86)\Reference Assemblies\Microsoft\Framework\.NETFramework\v4.0\ProtoInterface.dll", but it didn't exist.
                 Considered "C:\Program Files (x86)\Reference Assemblies\Microsoft\Framework\.NETFramework\v4.0\ProtoInterface.exe", but it didn't exist.
                 For SearchPath "{Registry:Software\Microsoft\.NETFramework,v4.0,AssemblyFoldersEx}".
                 Considered "C:\Program Files (x86)\NUnit 2.6.2\bin\framework\ProtoInterface.dll", but it didn't exist.
                 Considered "C:\Program Files (x86)\NUnit 2.6.2\bin\framework\ProtoInterface.exe", but it didn't exist.
                 Considered "C:\Program Files (x86)\NUnit 2.6\bin\framework\ProtoInterface.dll", but it didn't exist.
                 Considered "C:\Program Files (x86)\NUnit 2.6\bin\framework\ProtoInterface.exe", but it didn't exist.
                 Considered "c:\Program Files (x86)\Microsoft Visual Studio 10.0\Common7\IDE\ReferenceAssemblies\v4.0\ProtoInterface.dll", but it didn't exist.
                 Considered "c:\Program Files (x86)\Microsoft Visual Studio 10.0\Common7\IDE\ReferenceAssemblies\v4.0\ProtoInterface.exe", but it didn't exist.
                 Considered "C:\Program Files\Reference Assemblies\Microsoft\VSTO40\v4.0.Framework\ProtoInterface.dll", but it didn't exist.
                 Considered "C:\Program Files\Reference Assemblies\Microsoft\VSTO40\v4.0.Framework\ProtoInterface.exe", but it didn't exist.
                 Considered "C:\Program Files\Reference Assemblies\Microsoft\VSTA30\v9.0\ProtoInterface.dll", but it didn't exist.
                 Considered "C:\Program Files\Reference Assemblies\Microsoft\VSTA30\v9.0\ProtoInterface.exe", but it didn't exist.
                 Considered "C:\Program Files\Reference Assemblies\Microsoft\VSTA30\v8.0\ProtoInterface.dll", but it didn't exist.
                 Considered "C:\Program Files\Reference Assemblies\Microsoft\VSTA30\v8.0\ProtoInterface.exe", but it didn't exist.
                 Considered "C:\Program Files\Reference Assemblies\Microsoft\VSTA30\v10.0\ProtoInterface.dll", but it didn't exist.
                 Considered "C:\Program Files\Reference Assemblies\Microsoft\VSTA30\v10.0\ProtoInterface.exe", but it didn't exist.
                 Considered "C:\Program Files (x86)\Microsoft Visual Studio 10.0\Visual Studio Tools for Office\PIA\Office14\ProtoInterface.dll", but it didn't exist.
                 Considered "C:\Program Files (x86)\Microsoft Visual Studio 10.0\Visual Studio Tools for Office\PIA\Office14\ProtoInterface.exe", but it didn't exist.
                 Considered "C:\Program Files (x86)\Microsoft Visual Studio 10.0\Visual Studio Tools for Office\PIA\Office12\ProtoInterface.dll", but it didn't exist.
                 Considered "C:\Program Files (x86)\Microsoft Visual Studio 10.0\Visual Studio Tools for Office\PIA\Office12\ProtoInterface.exe", but it didn't exist.
                 Considered "C:\Program Files (x86)\Microsoft Visual Studio 10.0\Visual Studio Tools for Office\PIA\Common\ProtoInterface.dll", but it didn't exist.
                 Considered "C:\Program Files (x86)\Microsoft Visual Studio 10.0\Visual Studio Tools for Office\PIA\Common\ProtoInterface.exe", but it didn't exist.
                 Considered "C:\Program Files (x86)\Microsoft Visual Studio 10.0\Common7\IDE\Extensions\Microsoft\SharePoint\PublicAssemblies\ProtoInterface.dll", but it didn't exist.
                 Considered "C:\Program Files (x86)\Microsoft Visual Studio 10.0\Common7\IDE\Extensions\Microsoft\SharePoint\PublicAssemblies\ProtoInterface.exe", but it didn't exist.
                 Considered "C:\Program Files (x86)\MSBuild\Microsoft.Cpp\v4.0\Platforms\x64\ProtoInterface.dll", but it didn't exist.
                 Considered "C:\Program Files (x86)\MSBuild\Microsoft.Cpp\v4.0\Platforms\x64\ProtoInterface.exe", but it didn't exist.
                 Considered "c:\Program Files (x86)\MSBuild\Microsoft.Cpp\v4.0\Platforms\Win32\ProtoInterface.dll", but it didn't exist.
                 Considered "c:\Program Files (x86)\MSBuild\Microsoft.Cpp\v4.0\Platforms\Win32\ProtoInterface.exe", but it didn't exist.
                 Considered "C:\Program Files (x86)\MSBuild\Microsoft.Cpp\v4.0\Platforms\Itanium\ProtoInterface.dll", but it didn't exist.
                 Considered "C:\Program Files (x86)\MSBuild\Microsoft.Cpp\v4.0\Platforms\Itanium\ProtoInterface.exe", but it didn't exist.
                 Considered "c:\Program Files (x86)\MSBuild\Microsoft.Cpp\v4.0\ProtoInterface.dll", but it didn't exist.
                 Considered "c:\Program Files (x86)\MSBuild\Microsoft.Cpp\v4.0\ProtoInterface.exe", but it didn't exist.
                 Considered "C:\Program Files (x86)\Reference Assemblies\Microsoft\VBPowerPacks\v10.0\ProtoInterface.dll", but it didn't exist.
                 Considered "C:\Program Files (x86)\Reference Assemblies\Microsoft\VBPowerPacks\v10.0\ProtoInterface.exe", but it didn't exist.
                 Considered "C:\Program Files (x86)\Microsoft Synchronization Services\ADO.NET\v1.0\ProtoInterface.dll", but it didn't exist.
                 Considered "C:\Program Files (x86)\Microsoft Synchronization Services\ADO.NET\v1.0\ProtoInterface.exe", but it didn't exist.
                 Considered "C:\Program Files (x86)\Microsoft SQL Server Compact Edition\v3.5\Desktop\ProtoInterface.dll", but it didn't exist.
                 Considered "C:\Program Files (x86)\Microsoft SQL Server Compact Edition\v3.5\Desktop\ProtoInterface.exe", but it didn't exist.
                 Considered "c:\Program Files (x86)\Microsoft Visual Studio 10.0\ReportViewer\ProtoInterface.dll", but it didn't exist.
                 Considered "c:\Program Files (x86)\Microsoft Visual Studio 10.0\ReportViewer\ProtoInterface.exe", but it didn't exist.
                 Considered "c:\Program Files (x86)\Microsoft Visual Studio 10.0\Common7\IDE\PublicAssemblies\ProtoInterface.dll", but it didn't exist.
                 Considered "c:\Program Files (x86)\Microsoft Visual Studio 10.0\Common7\IDE\PublicAssemblies\ProtoInterface.exe", but it didn't exist.
                 Considered "c:\Program Files (x86)\Microsoft.NET\Primary Interop Assemblies\ProtoInterface.dll", but it didn't exist.
                 Considered "c:\Program Files (x86)\Microsoft.NET\Primary Interop Assemblies\ProtoInterface.exe", but it didn't exist.
                 Considered "C:\Program Files (x86)\Reference Assemblies\Microsoft\FSharp\2.0\Runtime\v4.0\ProtoInterface.dll", but it didn't exist.
                 Considered "C:\Program Files (x86)\Reference Assemblies\Microsoft\FSharp\2.0\Runtime\v4.0\ProtoInterface.exe", but it didn't exist.
                 Considered "C:\Program Files\Microsoft SDKs\Kinect\v1.7\Assemblies\ProtoInterface.dll", but it didn't exist.
                 Considered "C:\Program Files\Microsoft SDKs\Kinect\v1.7\Assemblies\ProtoInterface.exe", but it didn't exist.
                 Considered "C:\Program Files (x86)\Microsoft Visual Studio 10.0\VSTSDB\ProtoInterface.dll", but it didn't exist.
                 Considered "C:\Program Files (x86)\Microsoft Visual Studio 10.0\VSTSDB\ProtoInterface.exe", but it didn't exist.
                 Considered "c:\Program Files (x86)\Microsoft Visual Studio 10.0\Common7\IDE\ReferenceAssemblies\v2.0\ProtoInterface.dll", but it didn't exist.
                 Considered "c:\Program Files (x86)\Microsoft Visual Studio 10.0\Common7\IDE\ReferenceAssemblies\v2.0\ProtoInterface.exe", but it didn't exist.
                 Considered "C:\Program Files\Reference Assemblies\Microsoft\VSTO40\v9.0\ProtoInterface.dll", but it didn't exist.
                 Considered "C:\Program Files\Reference Assemblies\Microsoft\VSTO40\v9.0\ProtoInterface.exe", but it didn't exist.
                 Considered "C:\Program Files\Reference Assemblies\Microsoft\VSTO40\v10.0\ProtoInterface.dll", but it didn't exist.
                 Considered "C:\Program Files\Reference Assemblies\Microsoft\VSTO40\v10.0\ProtoInterface.exe", but it didn't exist.
                 Considered "C:\Program Files\Reference Assemblies\Microsoft\VSTA30\v9.0\ProtoInterface.dll", but it didn't exist.
                 Considered "C:\Program Files\Reference Assemblies\Microsoft\VSTA30\v9.0\ProtoInterface.exe", but it didn't exist.
                 Considered "C:\Program Files\Reference Assemblies\Microsoft\VSTA30\v10.0\ProtoInterface.dll", but it didn't exist.
                 Considered "C:\Program Files\Reference Assemblies\Microsoft\VSTA30\v10.0\ProtoInterface.exe", but it didn't exist.
                 Considered "C:\Program Files (x86)\Microsoft Visual Studio 10.0\Visual Studio Tools for Office\PIA\Office14\ProtoInterface.dll", but it didn't exist.
                 Considered "C:\Program Files (x86)\Microsoft Visual Studio 10.0\Visual Studio Tools for Office\PIA\Office14\ProtoInterface.exe", but it didn't exist.
                 Considered "C:\Program Files (x86)\Microsoft Visual Studio 10.0\Visual Studio Tools for Office\PIA\Office12\ProtoInterface.dll", but it didn't exist.
                 Considered "C:\Program Files (x86)\Microsoft Visual Studio 10.0\Visual Studio Tools for Office\PIA\Office12\ProtoInterface.exe", but it didn't exist.
                 Considered "C:\Program Files (x86)\Microsoft Visual Studio 10.0\Visual Studio Tools for Office\PIA\Common\ProtoInterface.dll", but it didn't exist.
                 Considered "C:\Program Files (x86)\Microsoft Visual Studio 10.0\Visual Studio Tools for Office\PIA\Common\ProtoInterface.exe", but it didn't exist.
                 Considered "C:\Program Files (x86)\Microsoft Visual Studio 10.0\Common7\IDE\Extensions\Microsoft\SharePoint\PublicAssemblies\ProtoInterface.dll", but it didn't exist.
                 Considered "C:\Program Files (x86)\Microsoft Visual Studio 10.0\Common7\IDE\Extensions\Microsoft\SharePoint\PublicAssemblies\ProtoInterface.exe", but it didn't exist.
                 Considered "C:\Program Files (x86)\Reference Assemblies\Microsoft\VBPowerPacks\v10.0\ProtoInterface.dll", but it didn't exist.
                 Considered "C:\Program Files (x86)\Reference Assemblies\Microsoft\VBPowerPacks\v10.0\ProtoInterface.exe", but it didn't exist.
                 Considered "c:\Program Files (x86)\Microsoft Visual Studio 10.0\Common7\IDE\ReferenceAssemblies\v2.0\ProtoInterface.dll", but it didn't exist.
                 Considered "c:\Program Files (x86)\Microsoft Visual Studio 10.0\Common7\IDE\ReferenceAssemblies\v2.0\ProtoInterface.exe", but it didn't exist.
                 Considered "C:\Program Files (x86)\Microsoft Synchronization Services\ADO.NET\v1.0\ProtoInterface.dll", but it didn't exist.
                 Considered "C:\Program Files (x86)\Microsoft Synchronization Services\ADO.NET\v1.0\ProtoInterface.exe", but it didn't exist.
                 Considered "C:\Program Files (x86)\Microsoft SDKs\Microsoft Sync Framework\v1.0\Runtime\ADO.NET\V2.0\x64\ProtoInterface.dll", but it didn't exist.
                 Considered "C:\Program Files (x86)\Microsoft SDKs\Microsoft Sync Framework\v1.0\Runtime\ADO.NET\V2.0\x64\ProtoInterface.exe", but it didn't exist.
                 Considered "C:\Program Files (x86)\Microsoft SQL Server Compact Edition\v3.5\Desktop\ProtoInterface.dll", but it didn't exist.
                 Considered "C:\Program Files (x86)\Microsoft SQL Server Compact Edition\v3.5\Desktop\ProtoInterface.exe", but it didn't exist.
                 Considered "c:\Program Files (x86)\Microsoft Visual Studio 10.0\ReportViewer\ProtoInterface.dll", but it didn't exist.
                 Considered "c:\Program Files (x86)\Microsoft Visual Studio 10.0\ReportViewer\ProtoInterface.exe", but it didn't exist.
                 Considered "c:\Program Files (x86)\Common Files\Microsoft Shared\MSEnv\PublicAssemblies\ProtoInterface.dll", but it didn't exist.
                 Considered "c:\Program Files (x86)\Common Files\Microsoft Shared\MSEnv\PublicAssemblies\ProtoInterface.exe", but it didn't exist.
                 Considered "C:\Program Files (x86)\Reference Assemblies\Microsoft\FSharp\2.0\Runtime\v2.0\ProtoInterface.dll", but it didn't exist.
                 Considered "C:\Program Files (x86)\Reference Assemblies\Microsoft\FSharp\2.0\Runtime\v2.0\ProtoInterface.exe", but it didn't exist.
                 Considered "C:\Program Files (x86)\Microsoft SDKs\Microsoft Sync Framework\v1.0\Runtime\x86\ProtoInterface.dll", but it didn't exist.
                 Considered "C:\Program Files (x86)\Microsoft SDKs\Microsoft Sync Framework\v1.0\Runtime\x86\ProtoInterface.exe", but it didn't exist.
                 Considered "C:\Program Files (x86)\Microsoft Chart Controls\Assemblies\ProtoInterface.dll", but it didn't exist.
                 Considered "C:\Program Files (x86)\Microsoft Chart Controls\Assemblies\ProtoInterface.exe", but it didn't exist.
                 Considered "C:\Program Files (x86)\Microsoft ASP.NET\ASP.NET MVC 2\Assemblies\ProtoInterface.dll", but it didn't exist.
                 Considered "C:\Program Files (x86)\Microsoft ASP.NET\ASP.NET MVC 2\Assemblies\ProtoInterface.exe", but it didn't exist.
                 Considered "C:\Program Files (x86)\NUnit 2.6.2\bin\framework\ProtoInterface.dll", but it didn't exist.
                 Considered "C:\Program Files (x86)\NUnit 2.6.2\bin\framework\ProtoInterface.exe", but it didn't exist.
                 Considered "C:\Program Files (x86)\NUnit 2.6\bin\framework\ProtoInterface.dll", but it didn't exist.
                 Considered "C:\Program Files (x86)\NUnit 2.6\bin\framework\ProtoInterface.exe", but it didn't exist.
                 For SearchPath "{AssemblyFolders}".
                 Considered "C:\Program Files\IIS\Microsoft Web Deploy\ProtoInterface.dll", but it didn't exist.
                 Considered "C:\Program Files\IIS\Microsoft Web Deploy\ProtoInterface.exe", but it didn't exist.
                 Considered "C:\WINDOWS\Microsoft.NET\DirectX for Managed Code\1.0.2910.0\ProtoInterface.dll", but it didn't exist.
                 Considered "C:\WINDOWS\Microsoft.NET\DirectX for Managed Code\1.0.2910.0\ProtoInterface.exe", but it didn't exist.
                 Considered "C:\WINDOWS\Microsoft.NET\DirectX for Managed Code\1.0.2907.0\ProtoInterface.dll", but it didn't exist.
                 Considered "C:\WINDOWS\Microsoft.NET\DirectX for Managed Code\1.0.2907.0\ProtoInterface.exe", but it didn't exist.
                 Considered "C:\Program Files (x86)\Reference Assemblies\Microsoft\Framework\v3.5\ProtoInterface.dll", but it didn't exist.
                 Considered "C:\Program Files (x86)\Reference Assemblies\Microsoft\Framework\v3.5\ProtoInterface.exe", but it didn't exist.
                 Considered "C:\WINDOWS\Microsoft.NET\DirectX for Managed Code\1.0.2909.0\ProtoInterface.dll", but it didn't exist.
                 Considered "C:\WINDOWS\Microsoft.NET\DirectX for Managed Code\1.0.2909.0\ProtoInterface.exe", but it didn't exist.
                 Considered "c:\Program Files (x86)\Reference Assemblies\Microsoft\Framework\v3.0\ProtoInterface.dll", but it didn't exist.
                 Considered "c:\Program Files (x86)\Reference Assemblies\Microsoft\Framework\v3.0\ProtoInterface.exe", but it didn't exist.
                 Considered "C:\WINDOWS\Microsoft.NET\DirectX for Managed Code\1.0.2904.0\ProtoInterface.dll", but it didn't exist.
                 Considered "C:\WINDOWS\Microsoft.NET\DirectX for Managed Code\1.0.2904.0\ProtoInterface.exe", but it didn't exist.
                 Considered "C:\WINDOWS\Microsoft.NET\DirectX for Managed Code\1.0.2911.0\ProtoInterface.dll", but it didn't exist.
                 Considered "C:\WINDOWS\Microsoft.NET\DirectX for Managed Code\1.0.2911.0\ProtoInterface.exe", but it didn't exist.
                 Considered "C:\WINDOWS\Microsoft.NET\DirectX for Managed Code\1.0.2902.0\ProtoInterface.dll", but it didn't exist.
                 Considered "C:\WINDOWS\Microsoft.NET\DirectX for Managed Code\1.0.2902.0\ProtoInterface.exe", but it didn't exist.
                 Considered "C:\WINDOWS\Microsoft.NET\DirectX for Managed Code\1.0.2906.0\ProtoInterface.dll", but it didn't exist.
                 Considered "C:\WINDOWS\Microsoft.NET\DirectX for Managed Code\1.0.2906.0\ProtoInterface.exe", but it didn't exist.
                 Considered "C:\WINDOWS\Microsoft.NET\DirectX for Managed Code\1.0.2903.0\ProtoInterface.dll", but it didn't exist.
                 Considered "C:\WINDOWS\Microsoft.NET\DirectX for Managed Code\1.0.2903.0\ProtoInterface.exe", but it didn't exist.
                 Considered "C:\WINDOWS\Microsoft.NET\DirectX for Managed Code\1.0.2908.0\ProtoInterface.dll", but it didn't exist.
                 Considered "C:\WINDOWS\Microsoft.NET\DirectX for Managed Code\1.0.2908.0\ProtoInterface.exe", but it didn't exist.
                 Considered "C:\WINDOWS\Microsoft.NET\DirectX for Managed Code\1.0.2905.0\ProtoInterface.dll", but it didn't exist.
                 Considered "C:\WINDOWS\Microsoft.NET\DirectX for Managed Code\1.0.2905.0\ProtoInterface.exe", but it didn't exist.
                 Considered "C:\Program Files (x86)\Microsoft SQL Server\100\SDK\Assemblies\ProtoInterface.dll", but it didn't exist.
                 Considered "C:\Program Files (x86)\Microsoft SQL Server\100\SDK\Assemblies\ProtoInterface.exe", but it didn't exist.
                 For SearchPath "{GAC}".
                 Considered "ProtoInterface", which was not found in the GAC.
                 For SearchPath "{RawFileName}".
                 Considered treating "ProtoInterface" as a file name, but it didn't exist.
                 For SearchPath "C:\jun\AutodeskResearch\git\designscript\bin\x86\Debug\".
                 Considered "C:\jun\AutodeskResearch\git\designscript\bin\x86\Debug\ProtoInterface.dll", but it didn't exist.
                 Considered "C:\jun\AutodeskResearch\git\designscript\bin\x86\Debug\ProtoInterface.exe", but it didn't exist.
       InitializeBuildStatus:
         Creating "Debug\DesignScriptStudio.Renderer.unsuccessfulbuild" because "AlwaysCreate" was specified.
       GenerateTargetFrameworkMonikerAttribute:
       Skipping target "GenerateTargetFrameworkMonikerAttribute" because all output files are up-to-date with respect to the input files.
       ClCompile:
         c:\Program Files (x86)\Microsoft Visual Studio 10.0\VC\bin\CL.exe /c /AI"C:\Program Files (x86)\Reference Assemblies\Microsoft\Framework\.NETFramework\v4.0" /Zi /clr /nologo /W3 /WX- /Od /Oy- /D WIN32 /D _DEBUG /D _WINDLL /D _UNICODE /D UNICODE /EHa /MDd /GS /fp:precise /Zc:wchar_t /Zc:forScope /Yc"StdAfx.h" /Fp"Debug\DesignScriptStudio.Renderer.pch" /Fo"Debug\\" /Fd"Debug\vc100.pdb" /TP /FU"C:\Program Files (x86)\Reference Assemblies\Microsoft\Framework\.NETFramework\v4.0\System.Core.dll" /FU"C:\Program Files (x86)\Reference Assemblies\Microsoft\Framework\.NETFramework\v4.0\System.Data.dll" /FU"C:\Program Files (x86)\Reference Assemblies\Microsoft\Framework\.NETFramework\v4.0\System.dll" /FU"C:\Program Files (x86)\Reference Assemblies\Microsoft\Framework\.NETFramework\v4.0\System.Xml.dll" /FU"C:\Program Files (x86)\Reference Assemblies\Microsoft\Framework\.NETFramework\v4.0\WindowsBase.dll" /analyze- /errorReport:prompt Stdafx.cpp /clr:nostdlib 
         Stdafx.cpp
         c:\Program Files (x86)\Microsoft Visual Studio 10.0\VC\bin\CL.exe /c /AI"C:\Program Files (x86)\Reference Assemblies\Microsoft\Framework\.NETFramework\v4.0" /Zi /clr /nologo /W3 /WX- /Od /Oy- /D WIN32 /D _DEBUG /D _WINDLL /D _UNICODE /D UNICODE /EHa /MDd /GS /fp:precise /Zc:wchar_t /Zc:forScope /Yu"StdAfx.h" /Fp"Debug\DesignScriptStudio.Renderer.pch" /Fo"Debug\\" /Fd"Debug\vc100.pdb" /TP /FU"C:\Program Files (x86)\Reference Assemblies\Microsoft\Framework\.NETFramework\v4.0\System.Core.dll" /FU"C:\Program Files (x86)\Reference Assemblies\Microsoft\Framework\.NETFramework\v4.0\System.Data.dll" /FU"C:\Program Files (x86)\Reference Assemblies\Microsoft\Framework\.NETFramework\v4.0\System.dll" /FU"C:\Program Files (x86)\Reference Assemblies\Microsoft\Framework\.NETFramework\v4.0\System.Xml.dll" /FU"C:\Program Files (x86)\Reference Assemblies\Microsoft\Framework\.NETFramework\v4.0\WindowsBase.dll" /analyze- /errorReport:prompt AssemblyInfo.cpp Camera.cpp OpenGL.cpp RenderPackage.cpp RenderPackageImpl.cpp RenderServiceImpl.cpp RenderThread.cpp RenderService.cpp ThumbnailPool.cpp /clr:nostdlib 
         AssemblyInfo.cpp
         Camera.cpp
     1>c:\jun\autodeskresearch\git\designscript\uis\studio\designscriptstudio.renderer\Contract.h(43): error C2653: 'Autodesk' : is not a class or namespace name
     1>c:\jun\autodeskresearch\git\designscript\uis\studio\designscriptstudio.renderer\Contract.h(43): error C2143: syntax error : missing ';' before '^'
     1>c:\jun\autodeskresearch\git\designscript\uis\studio\designscriptstudio.renderer\Contract.h(43): error C4430: missing type specifier - int assumed. Note: C++ does not support default-int
     1>c:\jun\autodeskresearch\git\designscript\uis\studio\designscriptstudio.renderer\Contract.h(43): error C4430: missing type specifier - int assumed. Note: C++ does not support default-int
     1>c:\jun\autodeskresearch\git\designscript\uis\studio\designscriptstudio.renderer\Contract.h(43): warning C4183: 'CreateRenderPackage': missing return type; assumed to be a member function returning 'int'
     1>c:\jun\autodeskresearch\git\designscript\uis\studio\designscriptstudio.renderer\Contract.h(44): error C2653: 'Autodesk' : is not a class or namespace name
     1>c:\jun\autodeskresearch\git\designscript\uis\studio\designscriptstudio.renderer\Contract.h(44): error C2061: syntax error : identifier 'IRenderPackage'
     1>c:\jun\autodeskresearch\git\designscript\uis\studio\designscriptstudio.renderer\Contract.h(58): error C2653: 'Autodesk' : is not a class or namespace name
     1>c:\jun\autodeskresearch\git\designscript\uis\studio\designscriptstudio.renderer\Contract.h(58): error C2061: syntax error : identifier 'IRenderPackage'
     1>c:\jun\autodeskresearch\git\designscript\uis\studio\designscriptstudio.renderer\Internal.h(277): error C2653: 'Autodesk' : is not a class or namespace name
     1>c:\jun\autodeskresearch\git\designscript\uis\studio\designscriptstudio.renderer\Internal.h(277): error C2653: 'Autodesk' : is not a class or namespace name
     1>c:\jun\autodeskresearch\git\designscript\uis\studio\designscriptstudio.renderer\Internal.h(277): error C2061: syntax error : identifier 'IRenderPackage'
     1>c:\jun\autodeskresearch\git\designscript\uis\studio\designscriptstudio.renderer\Internal.h(315): error C2653: 'Autodesk' : is not a class or namespace name
     1>c:\jun\autodeskresearch\git\designscript\uis\studio\designscriptstudio.renderer\Internal.h(315): error C2143: syntax error : missing ';' before '^'
     1>c:\jun\autodeskresearch\git\designscript\uis\studio\designscriptstudio.renderer\Internal.h(315): error C4430: missing type specifier - int assumed. Note: C++ does not support default-int
     1>c:\jun\autodeskresearch\git\designscript\uis\studio\designscriptstudio.renderer\Internal.h(315): error C4430: missing type specifier - int assumed. Note: C++ does not support default-int
     1>c:\jun\autodeskresearch\git\designscript\uis\studio\designscriptstudio.renderer\Internal.h(315): warning C4183: 'wrapper': missing return type; assumed to be a member function returning 'int'
     1>c:\jun\autodeskresearch\git\designscript\uis\studio\designscriptstudio.renderer\Internal.h(317): error C2653: 'Autodesk' : is not a class or namespace name
     1>c:\jun\autodeskresearch\git\designscript\uis\studio\designscriptstudio.renderer\Internal.h(317): error C2065: 'IRenderPackage' : undeclared identifier
     1>c:\jun\autodeskresearch\git\designscript\uis\studio\designscriptstudio.renderer\Internal.h(317): error C2059: syntax error : '>'
     1>c:\jun\autodeskresearch\git\designscript\uis\studio\designscriptstudio.renderer\Internal.h(318): error C2143: syntax error : missing ';' before '}'
     1>c:\jun\autodeskresearch\git\designscript\uis\studio\designscriptstudio.renderer\Internal.h(320): error C3379: 'DesignScriptStudio::Renderer::RenderPackageWrapper::RenderPackage' : a nested class cannot have an assembly access specifier as part of its declaration
     1>c:\jun\autodeskresearch\git\designscript\uis\studio\designscriptstudio.renderer\Internal.h(320): error C2653: 'Autodesk' : is not a class or namespace name
     1>c:\jun\autodeskresearch\git\designscript\uis\studio\designscriptstudio.renderer\Internal.h(321): error C2143: syntax error : missing ';' before '{'
     1>c:\jun\autodeskresearch\git\designscript\uis\studio\designscriptstudio.renderer\Internal.h(335): error C2143: syntax error : missing ';' before '{'
     1>c:\jun\autodeskresearch\git\designscript\uis\studio\designscriptstudio.renderer\Internal.h(345): error C2143: syntax error : missing ';' before '}'
     1>c:\jun\autodeskresearch\git\designscript\uis\studio\designscriptstudio.renderer\Internal.h(348): error C3379: 'DesignScriptStudio::Renderer::RenderPackageWrapper::RenderServiceImpl' : a nested class cannot have an assembly access specifier as part of its declaration
     1>c:\jun\autodeskresearch\git\designscript\uis\studio\designscriptstudio.renderer\Internal.h(348): error C2143: syntax error : missing ';' before '{'
     1>c:\jun\autodeskresearch\git\designscript\uis\studio\designscriptstudio.renderer\Internal.h(379): error C2065: 'mPixelHeight' : undeclared identifier
     1>c:\jun\autodeskresearch\git\designscript\uis\studio\designscriptstudio.renderer\Internal.h(386): error C2143: syntax error : missing ';' before '}'
     1>c:\jun\autodeskresearch\git\designscript\uis\studio\designscriptstudio.renderer\Internal.h(389): error C3379: 'DesignScriptStudio::Renderer::RenderPackageWrapper::RenderThread' : a nested class cannot have an assembly access specifier as part of its declaration
     1>c:\jun\autodeskresearch\git\designscript\uis\studio\designscriptstudio.renderer\Internal.h(389): error C2143: syntax error : missing ';' before '{'
     1>c:\jun\autodeskresearch\git\designscript\uis\studio\designscriptstudio.renderer\Internal.h(414): error C2065: 'mPixelHeight' : undeclared identifier
     1>c:\jun\autodeskresearch\git\designscript\uis\studio\designscriptstudio.renderer\Internal.h(443): error C2143: syntax error : missing ';' before '}'
     1>c:\jun\autodeskresearch\git\designscript\uis\studio\designscriptstudio.renderer\Internal.h(445): error C2143: syntax error : missing ';' before '}'
     1>c:\jun\autodeskresearch\git\designscript\uis\studio\designscriptstudio.renderer\Primitives.h(6): error C2143: syntax error : missing ';' before '{'
     1>c:\jun\autodeskresearch\git\designscript\uis\studio\designscriptstudio.renderer\Primitives.h(9): error C2143: syntax error : missing ';' before '{'
     1>c:\jun\autodeskresearch\git\designscript\uis\studio\designscriptstudio.renderer\Primitives.h(11): error C3861: 'y': identifier not found
     1>c:\jun\autodeskresearch\git\designscript\uis\studio\designscriptstudio.renderer\Primitives.h(11): error C3861: 'z': identifier not found
     1>c:\jun\autodeskresearch\git\designscript\uis\studio\designscriptstudio.renderer\Primitives.h(11): error C2143: syntax error : missing ',' before '{'
     1>c:\jun\autodeskresearch\git\designscript\uis\studio\designscriptstudio.renderer\Primitives.h(11): error C2143: syntax error : missing ';' before '{'
     1>c:\jun\autodeskresearch\git\designscript\uis\studio\designscriptstudio.renderer\Primitives.h(12): error C2065: '_y' : undeclared identifier
     1>c:\jun\autodeskresearch\git\designscript\uis\studio\designscriptstudio.renderer\Primitives.h(12): error C3861: 'y': identifier not found
     1>c:\jun\autodeskresearch\git\designscript\uis\studio\designscriptstudio.renderer\Primitives.h(12): error C2065: '_z' : undeclared identifier
     1>c:\jun\autodeskresearch\git\designscript\uis\studio\designscriptstudio.renderer\Primitives.h(12): error C3861: 'z': identifier not found
     1>c:\jun\autodeskresearch\git\designscript\uis\studio\designscriptstudio.renderer\Primitives.h(12): error C2143: syntax error : missing ',' before '{'
     1>c:\jun\autodeskresearch\git\designscript\uis\studio\designscriptstudio.renderer\Primitives.h(12): error C2143: syntax error : missing ';' before '{'
     1>c:\jun\autodeskresearch\git\designscript\uis\studio\designscriptstudio.renderer\Primitives.h(15): error C2143: syntax error : missing ';' before '{'
     1>c:\jun\autodeskresearch\git\designscript\uis\studio\designscriptstudio.renderer\Primitives.h(16): error C2065: 'y' : undeclared identifier
     1>c:\jun\autodeskresearch\git\designscript\uis\studio\designscriptstudio.renderer\Primitives.h(16): error C2065: 'z' : undeclared identifier
     1>c:\jun\autodeskresearch\git\designscript\uis\studio\designscriptstudio.renderer\Primitives.h(16): error C2143: syntax error : missing ',' before ')'
     1>c:\jun\autodeskresearch\git\designscript\uis\studio\designscriptstudio.renderer\Primitives.h(17): error C2143: syntax error : missing ';' before '}'
     1>c:\jun\autodeskresearch\git\designscript\uis\studio\designscriptstudio.renderer\Primitives.h(19): error C2143: syntax error : missing ';' before '{'
     1>c:\jun\autodeskresearch\git\designscript\uis\studio\designscriptstudio.renderer\Primitives.h(19): error C2065: 'y' : undeclared identifier
     1>c:\jun\autodeskresearch\git\designscript\uis\studio\designscriptstudio.renderer\Primitives.h(19): error C2065: 'v' : undeclared identifier
     1>c:\jun\autodeskresearch\git\designscript\uis\studio\designscriptstudio.renderer\Primitives.h(19): error C2228: left of '.y' must have class/struct/union
                 type is ''unknown-type''
     1>c:\jun\autodeskresearch\git\designscript\uis\studio\designscriptstudio.renderer\Primitives.h(19): error C2065: 'z' : undeclared identifier
     1>c:\jun\autodeskresearch\git\designscript\uis\studio\designscriptstudio.renderer\Primitives.h(19): error C2065: 'v' : undeclared identifier
     1>c:\jun\autodeskresearch\git\designscript\uis\studio\designscriptstudio.renderer\Primitives.h(19): error C2228: left of '.z' must have class/struct/union
                 type is ''unknown-type''
     1>c:\jun\autodeskresearch\git\designscript\uis\studio\designscriptstudio.renderer\Primitives.h(19): error C2143: syntax error : missing ',' before ')'
     1>c:\jun\autodeskresearch\git\designscript\uis\studio\designscriptstudio.renderer\Primitives.h(20): error C2143: syntax error : missing ';' before '{'
     1>c:\jun\autodeskresearch\git\designscript\uis\studio\designscriptstudio.renderer\Primitives.h(20): error C2065: 'v' : undeclared identifier
     1>c:\jun\autodeskresearch\git\designscript\uis\studio\designscriptstudio.renderer\Primitives.h(20): error C2228: left of '.y' must have class/struct/union
                 type is ''unknown-type''
     1>c:\jun\autodeskresearch\git\designscript\uis\studio\designscriptstudio.renderer\Primitives.h(20): error C2065: 'v' : undeclared identifier
     1>c:\jun\autodeskresearch\git\designscript\uis\studio\designscriptstudio.renderer\Primitives.h(20): error C2228: left of '.z' must have class/struct/union
                 type is ''unknown-type''
     1>c:\jun\autodeskresearch\git\designscript\uis\studio\designscriptstudio.renderer\Primitives.h(20): error C2143: syntax error : missing ',' before ')'
     1>c:\jun\autodeskresearch\git\designscript\uis\studio\designscriptstudio.renderer\Primitives.h(21): error C2143: syntax error : missing ';' before '{'
     1>c:\jun\autodeskresearch\git\designscript\uis\studio\designscriptstudio.renderer\Primitives.h(21): error C2065: 'd' : undeclared identifier
     1>c:\jun\autodeskresearch\git\designscript\uis\studio\designscriptstudio.renderer\Primitives.h(21): error C2065: 'd' : undeclared identifier
     1>c:\jun\autodeskresearch\git\designscript\uis\studio\designscriptstudio.renderer\Primitives.h(21): error C2143: syntax error : missing ',' before ')'
     1>c:\jun\autodeskresearch\git\designscript\uis\studio\designscriptstudio.renderer\Primitives.h(22): error C2143: syntax error : missing ';' before '{'
     1>c:\jun\autodeskresearch\git\designscript\uis\studio\designscriptstudio.renderer\Primitives.h(25): error C2143: syntax error : missing ';' before '{'
     1>c:\jun\autodeskresearch\git\designscript\uis\studio\designscriptstudio.renderer\Primitives.h(27): error C2143: syntax error : missing ';' before '}'
     1>c:\jun\autodeskresearch\git\designscript\uis\studio\designscriptstudio.renderer\Primitives.h(30): error C2143: syntax error : missing ';' before '{'
     1>c:\jun\autodeskresearch\git\designscript\uis\studio\designscriptstudio.renderer\Primitives.h(35): error C2143: syntax error : missing ';' before '}'
     1>c:\jun\autodeskresearch\git\designscript\uis\studio\designscriptstudio.renderer\Primitives.h(38): error C2143: syntax error : missing ';' before '{'
     1>c:\jun\autodeskresearch\git\designscript\uis\studio\designscriptstudio.renderer\Primitives.h(39): error C2143: syntax error : missing ',' before ')'
     1>c:\jun\autodeskresearch\git\designscript\uis\studio\designscriptstudio.renderer\Primitives.h(40): error C2143: syntax error : missing ';' before '}'
     1>c:\jun\autodeskresearch\git\designscript\uis\studio\designscriptstudio.renderer\Primitives.h(43): error C2143: syntax error : missing ';' before '{'
     1>c:\jun\autodeskresearch\git\designscript\uis\studio\designscriptstudio.renderer\Primitives.h(47): error C2065: 'oy' : undeclared identifier
     1>c:\jun\autodeskresearch\git\designscript\uis\studio\designscriptstudio.renderer\Primitives.h(47): error C2065: 'oz' : undeclared identifier
     1>c:\jun\autodeskresearch\git\designscript\uis\studio\designscriptstudio.renderer\Primitives.h(47): error C2143: syntax error : missing ',' before ')'
     1>c:\jun\autodeskresearch\git\designscript\uis\studio\designscriptstudio.renderer\Primitives.h(48): error C2143: syntax error : missing ';' before '}'
     1>c:\jun\autodeskresearch\git\designscript\uis\studio\designscriptstudio.renderer\Primitives.h(53): error C2143: syntax error : missing ';' before '}'
     1>c:\jun\autodeskresearch\git\designscript\uis\studio\designscriptstudio.renderer\Primitives.h(55): error C2143: syntax error : missing ';' before '}'
     1>c:\jun\autodeskresearch\git\designscript\uis\studio\designscriptstudio.renderer\Camera.h(6): error C2143: syntax error : missing ';' before '{'
     1>c:\jun\autodeskresearch\git\designscript\uis\studio\designscriptstudio.renderer\Camera.h(9): error C2143: syntax error : missing ';' before '{'
     1>c:\jun\autodeskresearch\git\designscript\uis\studio\designscriptstudio.renderer\Camera.h(26): error C2065: 'mViewAspect' : undeclared identifier
     1>c:\jun\autodeskresearch\git\designscript\uis\studio\designscriptstudio.renderer\Camera.h(27): error C2065: 'mFarClip' : undeclared identifier
     1>c:\jun\autodeskresearch\git\designscript\uis\studio\designscriptstudio.renderer\Camera.h(28): error C2065: 'mTarget' : undeclared identifier
     1>c:\jun\autodeskresearch\git\designscript\uis\studio\designscriptstudio.renderer\Camera.h(28): error C2065: 'mUpVector' : undeclared identifier
     1>c:\jun\autodeskresearch\git\designscript\uis\studio\designscriptstudio.renderer\Camera.h(28): error C2143: syntax error : missing ',' before ';'
     1>c:\jun\autodeskresearch\git\designscript\uis\studio\designscriptstudio.renderer\Camera.h(29): error C2143: syntax error : missing ';' before '}'
     1>c:\jun\autodeskresearch\git\designscript\uis\studio\designscriptstudio.renderer\Camera.h(31): error C2143: syntax error : missing ';' before '}'
     1>Camera.cpp(8): error C2027: use of undefined type 'DesignScriptStudio::Renderer::Camera'
                 c:\jun\autodeskresearch\git\designscript\uis\studio\designscriptstudio.renderer\Internal.h(62) : see declaration of 'DesignScriptStudio::Renderer::Camera'
     1>Camera.cpp(10): error C3861: 'mContentDiameter': identifier not found
     1>Camera.cpp(11): error C3861: 'mFieldOfView': identifier not found
     1>Camera.cpp(12): error C3861: 'mNearClip': identifier not found
     1>Camera.cpp(13): error C3861: 'mFarClip': identifier not found
     1>Camera.cpp(14): error C2143: syntax error : missing ',' before '{'
     1>Camera.cpp(14): error C2143: syntax error : missing ';' before '{'
     1>Camera.cpp(15): error C2143: syntax error : missing ',' before ')'
     1>Camera.cpp(16): error C2143: syntax error : missing ',' before ')'
     1>Camera.cpp(17): error C2143: syntax error : missing ',' before ')'
     1>Camera.cpp(19): error C2143: syntax error : missing ';' before '}'
     1>Camera.cpp(21): error C2027: use of undefined type 'DesignScriptStudio::Renderer::Camera'
                 c:\jun\autodeskresearch\git\designscript\uis\studio\designscriptstudio.renderer\Internal.h(62) : see declaration of 'DesignScriptStudio::Renderer::Camera'
     1>Camera.cpp(22): error C2143: syntax error : missing ';' before '{'
     1>Camera.cpp(22): fatal error C1003: error count exceeds 100; stopping compilation
         OpenGL.cpp
     1>c:\jun\autodeskresearch\git\designscript\uis\studio\designscriptstudio.renderer\Contract.h(43): error C2653: 'Autodesk' : is not a class or namespace name
     1>c:\jun\autodeskresearch\git\designscript\uis\studio\designscriptstudio.renderer\Contract.h(43): error C2143: syntax error : missing ';' before '^'
     1>c:\jun\autodeskresearch\git\designscript\uis\studio\designscriptstudio.renderer\Contract.h(43): error C4430: missing type specifier - int assumed. Note: C++ does not support default-int
     1>c:\jun\autodeskresearch\git\designscript\uis\studio\designscriptstudio.renderer\Contract.h(43): error C4430: missing type specifier - int assumed. Note: C++ does not support default-int
     1>c:\jun\autodeskresearch\git\designscript\uis\studio\designscriptstudio.renderer\Contract.h(43): warning C4183: 'CreateRenderPackage': missing return type; assumed to be a member function returning 'int'
     1>c:\jun\autodeskresearch\git\designscript\uis\studio\designscriptstudio.renderer\Contract.h(44): error C2653: 'Autodesk' : is not a class or namespace name
     1>c:\jun\autodeskresearch\git\designscript\uis\studio\designscriptstudio.renderer\Contract.h(44): error C2061: syntax error : identifier 'IRenderPackage'
     1>c:\jun\autodeskresearch\git\designscript\uis\studio\designscriptstudio.renderer\Contract.h(58): error C2653: 'Autodesk' : is not a class or namespace name
     1>c:\jun\autodeskresearch\git\designscript\uis\studio\designscriptstudio.renderer\Contract.h(58): error C2061: syntax error : identifier 'IRenderPackage'
     1>c:\jun\autodeskresearch\git\designscript\uis\studio\designscriptstudio.renderer\Internal.h(277): error C2653: 'Autodesk' : is not a class or namespace name
     1>c:\jun\autodeskresearch\git\designscript\uis\studio\designscriptstudio.renderer\Internal.h(277): error C2653: 'Autodesk' : is not a class or namespace name
     1>c:\jun\autodeskresearch\git\designscript\uis\studio\designscriptstudio.renderer\Internal.h(277): error C2061: syntax error : identifier 'IRenderPackage'
     1>c:\jun\autodeskresearch\git\designscript\uis\studio\designscriptstudio.renderer\Internal.h(315): error C2653: 'Autodesk' : is not a class or namespace name
     1>c:\jun\autodeskresearch\git\designscript\uis\studio\designscriptstudio.renderer\Internal.h(315): error C2143: syntax error : missing ';' before '^'
     1>c:\jun\autodeskresearch\git\designscript\uis\studio\designscriptstudio.renderer\Internal.h(315): error C4430: missing type specifier - int assumed. Note: C++ does not support default-int
     1>c:\jun\autodeskresearch\git\designscript\uis\studio\designscriptstudio.renderer\Internal.h(315): error C4430: missing type specifier - int assumed. Note: C++ does not support default-int
     1>c:\jun\autodeskresearch\git\designscript\uis\studio\designscriptstudio.renderer\Internal.h(315): warning C4183: 'wrapper': missing return type; assumed to be a member function returning 'int'
     1>c:\jun\autodeskresearch\git\designscript\uis\studio\designscriptstudio.renderer\Internal.h(317): error C2653: 'Autodesk' : is not a class or namespace name
     1>c:\jun\autodeskresearch\git\designscript\uis\studio\designscriptstudio.renderer\Internal.h(317): error C2065: 'IRenderPackage' : undeclared identifier
     1>c:\jun\autodeskresearch\git\designscript\uis\studio\designscriptstudio.renderer\Internal.h(317): error C2059: syntax error : '>'
     1>c:\jun\autodeskresearch\git\designscript\uis\studio\designscriptstudio.renderer\Internal.h(318): error C2143: syntax error : missing ';' before '}'
     1>c:\jun\autodeskresearch\git\designscript\uis\studio\designscriptstudio.renderer\Internal.h(320): error C3379: 'DesignScriptStudio::Renderer::RenderPackageWrapper::RenderPackage' : a nested class cannot have an assembly access specifier as part of its declaration
     1>c:\jun\autodeskresearch\git\designscript\uis\studio\designscriptstudio.renderer\Internal.h(320): error C2653: 'Autodesk' : is not a class or namespace name
     1>c:\jun\autodeskresearch\git\designscript\uis\studio\designscriptstudio.renderer\Internal.h(321): error C2143: syntax error : missing ';' before '{'
     1>c:\jun\autodeskresearch\git\designscript\uis\studio\designscriptstudio.renderer\Internal.h(335): error C2143: syntax error : missing ';' before '{'
     1>c:\jun\autodeskresearch\git\designscript\uis\studio\designscriptstudio.renderer\Internal.h(345): error C2143: syntax error : missing ';' before '}'
     1>c:\jun\autodeskresearch\git\designscript\uis\studio\designscriptstudio.renderer\Internal.h(348): error C3379: 'DesignScriptStudio::Renderer::RenderPackageWrapper::RenderServiceImpl' : a nested class cannot have an assembly access specifier as part of its declaration
     1>c:\jun\autodeskresearch\git\designscript\uis\studio\designscriptstudio.renderer\Internal.h(348): error C2143: syntax error : missing ';' before '{'
     1>c:\jun\autodeskresearch\git\designscript\uis\studio\designscriptstudio.renderer\Internal.h(379): error C2065: 'mPixelHeight' : undeclared identifier
     1>c:\jun\autodeskresearch\git\designscript\uis\studio\designscriptstudio.renderer\Internal.h(386): error C2143: syntax error : missing ';' before '}'
     1>c:\jun\autodeskresearch\git\designscript\uis\studio\designscriptstudio.renderer\Internal.h(389): error C3379: 'DesignScriptStudio::Renderer::RenderPackageWrapper::RenderThread' : a nested class cannot have an assembly access specifier as part of its declaration
     1>c:\jun\autodeskresearch\git\designscript\uis\studio\designscriptstudio.renderer\Internal.h(389): error C2143: syntax error : missing ';' before '{'
     1>c:\jun\autodeskresearch\git\designscript\uis\studio\designscriptstudio.renderer\Internal.h(414): error C2065: 'mPixelHeight' : undeclared identifier
     1>c:\jun\autodeskresearch\git\designscript\uis\studio\designscriptstudio.renderer\Internal.h(443): error C2143: syntax error : missing ';' before '}'
     1>c:\jun\autodeskresearch\git\designscript\uis\studio\designscriptstudio.renderer\Internal.h(445): error C2143: syntax error : missing ';' before '}'
     1>OpenGL.cpp(11): error C2143: syntax error : missing ';' before '{'
     1>OpenGL.cpp(19): error C2143: syntax error : missing ';' before '{'
     1>OpenGL.cpp(22): error C2143: syntax error : missing ';' before '}'
     1>OpenGL.cpp(62): error C2143: syntax error : missing ';' before '{'
     1>OpenGL.cpp(63): error C2143: syntax error : missing ';' before '{'
     1>OpenGL.cpp(64): error C2143: syntax error : missing ';' before '{'
     1>OpenGL.cpp(65): error C2143: syntax error : missing ';' before '{'
     1>OpenGL.cpp(66): error C2143: syntax error : missing ';' before '{'
     1>OpenGL.cpp(67): error C2143: syntax error : missing ';' before '{'
     1>OpenGL.cpp(68): error C2143: syntax error : missing ';' before '{'
     1>OpenGL.cpp(69): error C2143: syntax error : missing ';' before '{'
     1>OpenGL.cpp(70): error C2143: syntax error : missing ';' before '{'
     1>OpenGL.cpp(71): error C2143: syntax error : missing ';' before '{'
     1>OpenGL.cpp(73): error C2143: syntax error : missing ';' before '{'
     1>OpenGL.cpp(74): error C2143: syntax error : missing ';' before '{'
     1>OpenGL.cpp(75): error C2143: syntax error : missing ';' before '{'
     1>OpenGL.cpp(76): error C2143: syntax error : missing ';' before '{'
     1>OpenGL.cpp(77): error C2143: syntax error : missing ';' before '{'
     1>OpenGL.cpp(78): error C2143: syntax error : missing ';' before '{'
     1>OpenGL.cpp(79): error C2143: syntax error : missing ';' before '{'
     1>OpenGL.cpp(80): error C2143: syntax error : missing ';' before '{'
     1>OpenGL.cpp(81): error C2143: syntax error : missing ';' before '{'
     1>OpenGL.cpp(82): error C2143: syntax error : missing ';' before '{'
     1>OpenGL.cpp(83): error C2143: syntax error : missing ';' before '{'
     1>OpenGL.cpp(84): error C2143: syntax error : missing ';' before '{'
     1>OpenGL.cpp(85): error C2143: syntax error : missing ';' before '{'
     1>OpenGL.cpp(86): error C2143: syntax error : missing ';' before '{'
     1>OpenGL.cpp(87): error C2143: syntax error : missing ';' before '{'
     1>OpenGL.cpp(91): error C2143: syntax error : missing ';' before '}'
     1>OpenGL.cpp(94): error C2143: syntax error : missing ';' before '{'
     1>OpenGL.cpp(96): error C2143: syntax error : missing ';' before '}'
     1>OpenGL.cpp(99): error C2143: syntax error : missing ';' before '{'
     1>OpenGL.cpp(101): error C2143: syntax error : missing ';' before '}'
     1>OpenGL.cpp(103): error C2065: 'phFrameBufferRC' : undeclared identifier
     1>OpenGL.cpp(103): error C2275: 'HGLRC' : illegal use of this type as an expression
                 C:\Program Files (x86)\Microsoft SDKs\Windows\v7.0A\include\windef.h(269) : see declaration of 'HGLRC'
     1>OpenGL.cpp(103): error C2146: syntax error : missing ',' before identifier 'error'
     1>OpenGL.cpp(103): error C2065: 'error' : undeclared identifier
     1>OpenGL.cpp(103): error C2143: syntax error : missing ',' before ')'
     1>OpenGL.cpp(104): error C2143: syntax error : missing ';' before '{'
     1>OpenGL.cpp(113): error C2143: syntax error : missing ',' before ')'
     1>OpenGL.cpp(122): error C2065: 'descriptor' : undeclared identifier
     1>OpenGL.cpp(122): error C2143: syntax error : missing ',' before ')'
     1>OpenGL.cpp(123): error C2143: syntax error : missing ';' before '{'
     1>OpenGL.cpp(126): error C2143: syntax error : missing ';' before '}'
     1>OpenGL.cpp(128): error C2065: 'pixelFormat' : undeclared identifier
     1>OpenGL.cpp(128): error C2065: 'descriptor' : undeclared identifier
     1>OpenGL.cpp(128): error C2143: syntax error : missing ',' before ')'
     1>OpenGL.cpp(128): error C2143: syntax error : missing ';' before '{'
     1>OpenGL.cpp(131): error C2143: syntax error : missing ';' before '}'
     1>OpenGL.cpp(138): error C2065: 'hFrameBufferRC' : undeclared identifier
     1>OpenGL.cpp(139): error C2143: syntax error : missing ';' before '}'
     1>OpenGL.cpp(142): error C2143: syntax error : missing ';' before '{'
     1>OpenGL.cpp(150): error C2065: 'characters' : undeclared identifier
     1>OpenGL.cpp(150): error C2065: 'pExtensions' : undeclared identifier
     1>OpenGL.cpp(150): error C2143: syntax error : missing ',' before ')'
     1>OpenGL.cpp(153): error C2065: 'nextToken' : undeclared identifier
     1>OpenGL.cpp(153): error C2143: syntax error : missing ',' before ')'
     1>OpenGL.cpp(156): error C2143: syntax error : missing ';' before '{'
     1>OpenGL.cpp(157): error C2065: 'nextToken' : undeclared identifier
     1>OpenGL.cpp(157): error C2143: syntax error : missing ',' before ')'
     1>OpenGL.cpp(160): error C2143: syntax error : missing ';' before '}'
     1>OpenGL.cpp(165): error C2143: syntax error : missing ';' before '}'
     1>OpenGL.cpp(168): error C2143: syntax error : missing ';' before '{'
     1>OpenGL.cpp(179): error C2143: syntax error : missing ';' before '{'
     1>OpenGL.cpp(186): error C2059: syntax error : '}'
     1>OpenGL.cpp(186): error C2143: syntax error : missing ';' before '}'
     1>OpenGL.cpp(188): error C2143: syntax error : missing ')' before ';'
     1>OpenGL.cpp(188): error C2059: syntax error : ')'
     1>OpenGL.cpp(189): error C2143: syntax error : missing ';' before '{'
     1>OpenGL.cpp(190): error C2065: 'extensions' : undeclared identifier
     1>OpenGL.cpp(190): error C2065: 'index' : undeclared identifier
     1>OpenGL.cpp(190): error C2143: syntax error : missing ',' before ')'
     1>OpenGL.cpp(190): fatal error C1003: error count exceeds 100; stopping compilation
         RenderPackage.cpp
     1>c:\jun\autodeskresearch\git\designscript\uis\studio\designscriptstudio.renderer\Contract.h(43): error C2653: 'Autodesk' : is not a class or namespace name
     1>c:\jun\autodeskresearch\git\designscript\uis\studio\designscriptstudio.renderer\Contract.h(43): error C2143: syntax error : missing ';' before '^'
     1>c:\jun\autodeskresearch\git\designscript\uis\studio\designscriptstudio.renderer\Contract.h(43): error C4430: missing type specifier - int assumed. Note: C++ does not support default-int
     1>c:\jun\autodeskresearch\git\designscript\uis\studio\designscriptstudio.renderer\Contract.h(43): error C4430: missing type specifier - int assumed. Note: C++ does not support default-int
     1>c:\jun\autodeskresearch\git\designscript\uis\studio\designscriptstudio.renderer\Contract.h(43): warning C4183: 'CreateRenderPackage': missing return type; assumed to be a member function returning 'int'
     1>c:\jun\autodeskresearch\git\designscript\uis\studio\designscriptstudio.renderer\Contract.h(44): error C2653: 'Autodesk' : is not a class or namespace name
     1>c:\jun\autodeskresearch\git\designscript\uis\studio\designscriptstudio.renderer\Contract.h(44): error C2061: syntax error : identifier 'IRenderPackage'
     1>c:\jun\autodeskresearch\git\designscript\uis\studio\designscriptstudio.renderer\Contract.h(58): error C2653: 'Autodesk' : is not a class or namespace name
     1>c:\jun\autodeskresearch\git\designscript\uis\studio\designscriptstudio.renderer\Contract.h(58): error C2061: syntax error : identifier 'IRenderPackage'
     1>c:\jun\autodeskresearch\git\designscript\uis\studio\designscriptstudio.renderer\Internal.h(277): error C2653: 'Autodesk' : is not a class or namespace name
     1>c:\jun\autodeskresearch\git\designscript\uis\studio\designscriptstudio.renderer\Internal.h(277): error C2653: 'Autodesk' : is not a class or namespace name
     1>c:\jun\autodeskresearch\git\designscript\uis\studio\designscriptstudio.renderer\Internal.h(277): error C2061: syntax error : identifier 'IRenderPackage'
     1>c:\jun\autodeskresearch\git\designscript\uis\studio\designscriptstudio.renderer\Internal.h(315): error C2653: 'Autodesk' : is not a class or namespace name
     1>c:\jun\autodeskresearch\git\designscript\uis\studio\designscriptstudio.renderer\Internal.h(315): error C2143: syntax error : missing ';' before '^'
     1>c:\jun\autodeskresearch\git\designscript\uis\studio\designscriptstudio.renderer\Internal.h(315): error C4430: missing type specifier - int assumed. Note: C++ does not support default-int
     1>c:\jun\autodeskresearch\git\designscript\uis\studio\designscriptstudio.renderer\Internal.h(315): error C4430: missing type specifier - int assumed. Note: C++ does not support default-int
     1>c:\jun\autodeskresearch\git\designscript\uis\studio\designscriptstudio.renderer\Internal.h(315): warning C4183: 'wrapper': missing return type; assumed to be a member function returning 'int'
     1>c:\jun\autodeskresearch\git\designscript\uis\studio\designscriptstudio.renderer\Internal.h(317): error C2653: 'Autodesk' : is not a class or namespace name
     1>c:\jun\autodeskresearch\git\designscript\uis\studio\designscriptstudio.renderer\Internal.h(317): error C2065: 'IRenderPackage' : undeclared identifier
     1>c:\jun\autodeskresearch\git\designscript\uis\studio\designscriptstudio.renderer\Internal.h(317): error C2059: syntax error : '>'
     1>c:\jun\autodeskresearch\git\designscript\uis\studio\designscriptstudio.renderer\Internal.h(318): error C2143: syntax error : missing ';' before '}'
     1>c:\jun\autodeskresearch\git\designscript\uis\studio\designscriptstudio.renderer\Internal.h(320): error C3379: 'DesignScriptStudio::Renderer::RenderPackageWrapper::RenderPackage' : a nested class cannot have an assembly access specifier as part of its declaration
     1>c:\jun\autodeskresearch\git\designscript\uis\studio\designscriptstudio.renderer\Internal.h(320): error C2653: 'Autodesk' : is not a class or namespace name
     1>c:\jun\autodeskresearch\git\designscript\uis\studio\designscriptstudio.renderer\Internal.h(321): error C2143: syntax error : missing ';' before '{'
     1>c:\jun\autodeskresearch\git\designscript\uis\studio\designscriptstudio.renderer\Internal.h(335): error C2143: syntax error : missing ';' before '{'
     1>c:\jun\autodeskresearch\git\designscript\uis\studio\designscriptstudio.renderer\Internal.h(345): error C2143: syntax error : missing ';' before '}'
     1>c:\jun\autodeskresearch\git\designscript\uis\studio\designscriptstudio.renderer\Internal.h(348): error C3379: 'DesignScriptStudio::Renderer::RenderPackageWrapper::RenderServiceImpl' : a nested class cannot have an assembly access specifier as part of its declaration
     1>c:\jun\autodeskresearch\git\designscript\uis\studio\designscriptstudio.renderer\Internal.h(348): error C2143: syntax error : missing ';' before '{'
     1>c:\jun\autodeskresearch\git\designscript\uis\studio\designscriptstudio.renderer\Internal.h(379): error C2065: 'mPixelHeight' : undeclared identifier
     1>c:\jun\autodeskresearch\git\designscript\uis\studio\designscriptstudio.renderer\Internal.h(386): error C2143: syntax error : missing ';' before '}'
     1>c:\jun\autodeskresearch\git\designscript\uis\studio\designscriptstudio.renderer\Internal.h(389): error C3379: 'DesignScriptStudio::Renderer::RenderPackageWrapper::RenderThread' : a nested class cannot have an assembly access specifier as part of its declaration
     1>c:\jun\autodeskresearch\git\designscript\uis\studio\designscriptstudio.renderer\Internal.h(389): error C2143: syntax error : missing ';' before '{'
     1>c:\jun\autodeskresearch\git\designscript\uis\studio\designscriptstudio.renderer\Internal.h(414): error C2065: 'mPixelHeight' : undeclared identifier
     1>c:\jun\autodeskresearch\git\designscript\uis\studio\designscriptstudio.renderer\Internal.h(443): error C2143: syntax error : missing ';' before '}'
     1>c:\jun\autodeskresearch\git\designscript\uis\studio\designscriptstudio.renderer\Internal.h(445): error C2143: syntax error : missing ';' before '}'
     1>RenderPackage.cpp(10): error C2653: 'RenderPackage' : is not a class or namespace name
     1>RenderPackage.cpp(12): error C2065: 'packageId' : undeclared identifier
     1>RenderPackage.cpp(12): error C3861: 'mPackageId': identifier not found
     1>RenderPackage.cpp(13): error C3861: 'mpNativeRenderPackage': identifier not found
     1>RenderPackage.cpp(14): error C2143: syntax error : missing ',' before '{'
     1>RenderPackage.cpp(14): error C2143: syntax error : missing ';' before '{'
     1>RenderPackage.cpp(15): error C2143: syntax error : missing ';' before '}'
     1>RenderPackage.cpp(17): error C2653: 'RenderPackage' : is not a class or namespace name
     1>RenderPackage.cpp(18): error C2143: syntax error : missing ';' before '{'
     1>RenderPackage.cpp(20): error C2065: 'y' : undeclared identifier
     1>RenderPackage.cpp(20): error C2065: 'z' : undeclared identifier
     1>RenderPackage.cpp(20): error C2143: syntax error : missing ',' before ')'
     1>RenderPackage.cpp(21): error C2143: syntax error : missing ';' before '}'
     1>RenderPackage.cpp(23): error C2653: 'RenderPackage' : is not a class or namespace name
     1>RenderPackage.cpp(24): error C2143: syntax error : missing ';' before '{'
     1>RenderPackage.cpp(26): error C2065: 'green' : undeclared identifier
     1>RenderPackage.cpp(26): error C2065: 'blue' : undeclared identifier
     1>RenderPackage.cpp(26): error C2065: 'alpha' : undeclared identifier
     1>RenderPackage.cpp(26): error C2143: syntax error : missing ',' before ')'
     1>RenderPackage.cpp(27): error C2143: syntax error : missing ';' before '}'
     1>RenderPackage.cpp(29): error C2653: 'RenderPackage' : is not a class or namespace name
     1>RenderPackage.cpp(30): error C2143: syntax error : missing ';' before '{'
     1>RenderPackage.cpp(32): error C2065: 'y' : undeclared identifier
     1>RenderPackage.cpp(32): error C2065: 'z' : undeclared identifier
     1>RenderPackage.cpp(32): error C2143: syntax error : missing ',' before ')'
     1>RenderPackage.cpp(33): error C2143: syntax error : missing ';' before '}'
     1>RenderPackage.cpp(35): error C2653: 'RenderPackage' : is not a class or namespace name
     1>RenderPackage.cpp(36): error C2143: syntax error : missing ';' before '{'
     1>RenderPackage.cpp(39): error C2143: syntax error : missing ';' before '}'
     1>RenderPackage.cpp(41): error C2653: 'RenderPackage' : is not a class or namespace name
     1>RenderPackage.cpp(42): error C2143: syntax error : missing ';' before '{'
     1>RenderPackage.cpp(44): error C2065: 'green' : undeclared identifier
     1>RenderPackage.cpp(44): error C2065: 'blue' : undeclared identifier
     1>RenderPackage.cpp(44): error C2065: 'alpha' : undeclared identifier
     1>RenderPackage.cpp(44): error C2143: syntax error : missing ',' before ')'
     1>RenderPackage.cpp(45): error C2143: syntax error : missing ';' before '}'
     1>RenderPackage.cpp(47): error C2653: 'RenderPackage' : is not a class or namespace name
     1>RenderPackage.cpp(48): error C2143: syntax error : missing ';' before '{'
     1>RenderPackage.cpp(51): error C2143: syntax error : missing ';' before '}'
     1>RenderPackage.cpp(53): error C2653: 'RenderPackage' : is not a class or namespace name
     1>RenderPackage.cpp(54): error C2143: syntax error : missing ';' before '{'
     1>RenderPackage.cpp(56): error C2065: 'y' : undeclared identifier
     1>RenderPackage.cpp(56): error C2065: 'z' : undeclared identifier
     1>RenderPackage.cpp(56): error C2143: syntax error : missing ',' before ')'
     1>RenderPackage.cpp(57): error C2143: syntax error : missing ';' before '}'
     1>RenderPackage.cpp(59): error C2653: 'RenderPackage' : is not a class or namespace name
     1>RenderPackage.cpp(60): error C2143: syntax error : missing ';' before '{'
     1>RenderPackage.cpp(62): error C2065: 'y' : undeclared identifier
     1>RenderPackage.cpp(62): error C2065: 'z' : undeclared identifier
     1>RenderPackage.cpp(62): error C2143: syntax error : missing ',' before ')'
     1>RenderPackage.cpp(63): error C2143: syntax error : missing ';' before '}'
     1>RenderPackage.cpp(65): error C2653: 'RenderPackage' : is not a class or namespace name
     1>RenderPackage.cpp(66): error C2143: syntax error : missing ';' before '{'
     1>RenderPackage.cpp(68): error C2065: 'green' : undeclared identifier
     1>RenderPackage.cpp(68): error C2065: 'blue' : undeclared identifier
     1>RenderPackage.cpp(68): error C2065: 'alpha' : undeclared identifier
     1>RenderPackage.cpp(68): error C2143: syntax error : missing ',' before ')'
     1>RenderPackage.cpp(69): error C2143: syntax error : missing ';' before '}'
     1>RenderPackage.cpp(71): error C2653: 'RenderPackage' : is not a class or namespace name
     1>RenderPackage.cpp(72): error C2143: syntax error : missing ';' before '{'
     1>RenderPackage.cpp(76): error C2143: syntax error : missing ';' before '}'
     1>RenderPackage.cpp(78): error C2653: 'RenderPackage' : is not a class or namespace name
     1>RenderPackage.cpp(79): error C2143: syntax error : missing ';' before '{'
     1>RenderPackage.cpp(81): error C2065: 'mPackageId' : undeclared identifier
     1>RenderPackage.cpp(82): error C2143: syntax error : missing ';' before '}'
     1>RenderPackage.cpp(83): error C2143: syntax error : missing ';' before '}'
     1>RenderPackage.cpp(83): fatal error C1004: unexpected end-of-file found
         RenderPackageImpl.cpp
     1>c:\jun\autodeskresearch\git\designscript\uis\studio\designscriptstudio.renderer\Contract.h(43): error C2653: 'Autodesk' : is not a class or namespace name
     1>c:\jun\autodeskresearch\git\designscript\uis\studio\designscriptstudio.renderer\Contract.h(43): error C2143: syntax error : missing ';' before '^'
     1>c:\jun\autodeskresearch\git\designscript\uis\studio\designscriptstudio.renderer\Contract.h(43): error C4430: missing type specifier - int assumed. Note: C++ does not support default-int
     1>c:\jun\autodeskresearch\git\designscript\uis\studio\designscriptstudio.renderer\Contract.h(43): error C4430: missing type specifier - int assumed. Note: C++ does not support default-int
     1>c:\jun\autodeskresearch\git\designscript\uis\studio\designscriptstudio.renderer\Contract.h(43): warning C4183: 'CreateRenderPackage': missing return type; assumed to be a member function returning 'int'
     1>c:\jun\autodeskresearch\git\designscript\uis\studio\designscriptstudio.renderer\Contract.h(44): error C2653: 'Autodesk' : is not a class or namespace name
     1>c:\jun\autodeskresearch\git\designscript\uis\studio\designscriptstudio.renderer\Contract.h(44): error C2061: syntax error : identifier 'IRenderPackage'
     1>c:\jun\autodeskresearch\git\designscript\uis\studio\designscriptstudio.renderer\Contract.h(58): error C2653: 'Autodesk' : is not a class or namespace name
     1>c:\jun\autodeskresearch\git\designscript\uis\studio\designscriptstudio.renderer\Contract.h(58): error C2061: syntax error : identifier 'IRenderPackage'
     1>c:\jun\autodeskresearch\git\designscript\uis\studio\designscriptstudio.renderer\Internal.h(277): error C2653: 'Autodesk' : is not a class or namespace name
     1>c:\jun\autodeskresearch\git\designscript\uis\studio\designscriptstudio.renderer\Internal.h(277): error C2653: 'Autodesk' : is not a class or namespace name
     1>c:\jun\autodeskresearch\git\designscript\uis\studio\designscriptstudio.renderer\Internal.h(277): error C2061: syntax error : identifier 'IRenderPackage'
     1>c:\jun\autodeskresearch\git\designscript\uis\studio\designscriptstudio.renderer\Internal.h(315): error C2653: 'Autodesk' : is not a class or namespace name
     1>c:\jun\autodeskresearch\git\designscript\uis\studio\designscriptstudio.renderer\Internal.h(315): error C2143: syntax error : missing ';' before '^'
     1>c:\jun\autodeskresearch\git\designscript\uis\studio\designscriptstudio.renderer\Internal.h(315): error C4430: missing type specifier - int assumed. Note: C++ does not support default-int
     1>c:\jun\autodeskresearch\git\designscript\uis\studio\designscriptstudio.renderer\Internal.h(315): error C4430: missing type specifier - int assumed. Note: C++ does not support default-int
     1>c:\jun\autodeskresearch\git\designscript\uis\studio\designscriptstudio.renderer\Internal.h(315): warning C4183: 'wrapper': missing return type; assumed to be a member function returning 'int'
     1>c:\jun\autodeskresearch\git\designscript\uis\studio\designscriptstudio.renderer\Internal.h(317): error C2653: 'Autodesk' : is not a class or namespace name
     1>c:\jun\autodeskresearch\git\designscript\uis\studio\designscriptstudio.renderer\Internal.h(317): error C2065: 'IRenderPackage' : undeclared identifier
     1>c:\jun\autodeskresearch\git\designscript\uis\studio\designscriptstudio.renderer\Internal.h(317): error C2059: syntax error : '>'
     1>c:\jun\autodeskresearch\git\designscript\uis\studio\designscriptstudio.renderer\Internal.h(318): error C2143: syntax error : missing ';' before '}'
     1>c:\jun\autodeskresearch\git\designscript\uis\studio\designscriptstudio.renderer\Internal.h(320): error C3379: 'DesignScriptStudio::Renderer::RenderPackageWrapper::RenderPackage' : a nested class cannot have an assembly access specifier as part of its declaration
     1>c:\jun\autodeskresearch\git\designscript\uis\studio\designscriptstudio.renderer\Internal.h(320): error C2653: 'Autodesk' : is not a class or namespace name
     1>c:\jun\autodeskresearch\git\designscript\uis\studio\designscriptstudio.renderer\Internal.h(321): error C2143: syntax error : missing ';' before '{'
     1>c:\jun\autodeskresearch\git\designscript\uis\studio\designscriptstudio.renderer\Internal.h(335): error C2143: syntax error : missing ';' before '{'
     1>c:\jun\autodeskresearch\git\designscript\uis\studio\designscriptstudio.renderer\Internal.h(345): error C2143: syntax error : missing ';' before '}'
     1>c:\jun\autodeskresearch\git\designscript\uis\studio\designscriptstudio.renderer\Internal.h(348): error C3379: 'DesignScriptStudio::Renderer::RenderPackageWrapper::RenderServiceImpl' : a nested class cannot have an assembly access specifier as part of its declaration
     1>c:\jun\autodeskresearch\git\designscript\uis\studio\designscriptstudio.renderer\Internal.h(348): error C2143: syntax error : missing ';' before '{'
     1>c:\jun\autodeskresearch\git\designscript\uis\studio\designscriptstudio.renderer\Internal.h(379): error C2065: 'mPixelHeight' : undeclared identifier
     1>c:\jun\autodeskresearch\git\designscript\uis\studio\designscriptstudio.renderer\Internal.h(386): error C2143: syntax error : missing ';' before '}'
     1>c:\jun\autodeskresearch\git\designscript\uis\studio\designscriptstudio.renderer\Internal.h(389): error C3379: 'DesignScriptStudio::Renderer::RenderPackageWrapper::RenderThread' : a nested class cannot have an assembly access specifier as part of its declaration
     1>c:\jun\autodeskresearch\git\designscript\uis\studio\designscriptstudio.renderer\Internal.h(389): error C2143: syntax error : missing ';' before '{'
     1>c:\jun\autodeskresearch\git\designscript\uis\studio\designscriptstudio.renderer\Internal.h(414): error C2065: 'mPixelHeight' : undeclared identifier
     1>c:\jun\autodeskresearch\git\designscript\uis\studio\designscriptstudio.renderer\Internal.h(443): error C2143: syntax error : missing ';' before '}'
     1>c:\jun\autodeskresearch\git\designscript\uis\studio\designscriptstudio.renderer\Internal.h(445): error C2143: syntax error : missing ';' before '}'
     1>RenderPackageImpl.cpp(9): error C2143: syntax error : missing ';' before '{'
     1>RenderPackageImpl.cpp(12): error C2143: syntax error : missing ';' before '}'
     1>RenderPackageImpl.cpp(15): error C2143: syntax error : missing ';' before '{'
     1>RenderPackageImpl.cpp(16): error C2143: syntax error : missing ';' before '}'
     1>RenderPackageImpl.cpp(19): error C2143: syntax error : missing ';' before '{'
     1>RenderPackageImpl.cpp(21): error C2143: syntax error : missing ';' before '}'
     1>RenderPackageImpl.cpp(24): error C2143: syntax error : missing ';' before '{'
     1>RenderPackageImpl.cpp(28): error C2143: syntax error : missing ';' before '}'
     1>RenderPackageImpl.cpp(33): error C2143: syntax error : missing ';' before '{'
     1>RenderPackageImpl.cpp(38): error C2143: syntax error : missing ';' before '}'
     1>RenderPackageImpl.cpp(41): error C2143: syntax error : missing ';' before '{'
     1>RenderPackageImpl.cpp(45): error C2143: syntax error : missing ';' before '}'
     1>RenderPackageImpl.cpp(50): error C2143: syntax error : missing ';' before '{'
     1>RenderPackageImpl.cpp(55): error C2143: syntax error : missing ';' before '}'
     1>RenderPackageImpl.cpp(58): error C2143: syntax error : missing ';' before '{'
     1>RenderPackageImpl.cpp(62): error C2143: syntax error : missing ';' before '}'
     1>RenderPackageImpl.cpp(65): error C2143: syntax error : missing ';' before '{'
     1>RenderPackageImpl.cpp(67): error C2143: syntax error : missing ';' before '}'
     1>RenderPackageImpl.cpp(72): error C2143: syntax error : missing ';' before '{'
     1>RenderPackageImpl.cpp(77): error C2143: syntax error : missing ';' before '}'
     1>RenderPackageImpl.cpp(80): error C2143: syntax error : missing ';' before '{'
     1>RenderPackageImpl.cpp(84): error C2143: syntax error : missing ';' before '}'
     1>RenderPackageImpl.cpp(87): error C2143: syntax error : missing ';' before '{'
     1>RenderPackageImpl.cpp(91): error C2143: syntax error : missing ';' before '}'
     1>RenderPackageImpl.cpp(96): error C2143: syntax error : missing ';' before '{'
     1>RenderPackageImpl.cpp(101): error C2143: syntax error : missing ';' before '}'
     1>RenderPackageImpl.cpp(104): error C2143: syntax error : missing ';' before '{'
     1>RenderPackageImpl.cpp(105): error C2143: syntax error : missing ';' before '{'
     1>RenderPackageImpl.cpp(105): error C2143: syntax error : missing ')' before ';'
     1>RenderPackageImpl.cpp(105): error C2059: syntax error : ')'
     1>RenderPackageImpl.cpp(106): error C2143: syntax error : missing ';' before '}'
     1>RenderPackageImpl.cpp(109): error C2143: syntax error : missing ';' before '{'
     1>RenderPackageImpl.cpp(110): error C2143: syntax error : missing ';' before '{'
     1>RenderPackageImpl.cpp(110): error C2143: syntax error : missing ')' before ';'
     1>RenderPackageImpl.cpp(110): error C2059: syntax error : ')'
     1>RenderPackageImpl.cpp(111): error C2143: syntax error : missing ';' before '}'
     1>RenderPackageImpl.cpp(114): error C2143: syntax error : missing ';' before '{'
     1>RenderPackageImpl.cpp(115): error C2143: syntax error : missing ';' before '{'
     1>RenderPackageImpl.cpp(115): error C2143: syntax error : missing ')' before ';'
     1>RenderPackageImpl.cpp(115): error C2059: syntax error : ')'
     1>RenderPackageImpl.cpp(116): error C2143: syntax error : missing ';' before '}'
     1>RenderPackageImpl.cpp(119): error C2143: syntax error : missing ';' before '{'
     1>RenderPackageImpl.cpp(120): error C2143: syntax error : missing ';' before '{'
     1>RenderPackageImpl.cpp(120): error C2143: syntax error : missing ')' before ';'
     1>RenderPackageImpl.cpp(120): error C2059: syntax error : ')'
     1>RenderPackageImpl.cpp(121): error C2143: syntax error : missing ';' before '}'
     1>RenderPackageImpl.cpp(125): error C2143: syntax error : missing ';' before '{'
     1>RenderPackageImpl.cpp(126): error C2143: syntax error : missing ';' before '{'
     1>RenderPackageImpl.cpp(126): error C2143: syntax error : missing ')' before ';'
     1>RenderPackageImpl.cpp(126): error C2059: syntax error : ')'
     1>RenderPackageImpl.cpp(127): error C2143: syntax error : missing ';' before '}'
     1>RenderPackageImpl.cpp(130): error C2143: syntax error : missing ';' before '{'
     1>RenderPackageImpl.cpp(131): error C2143: syntax error : missing ';' before '{'
     1>RenderPackageImpl.cpp(131): error C2143: syntax error : missing ')' before ';'
     1>RenderPackageImpl.cpp(131): error C2059: syntax error : ')'
     1>RenderPackageImpl.cpp(132): error C2143: syntax error : missing ';' before '}'
     1>RenderPackageImpl.cpp(135): error C2143: syntax error : missing ';' before '{'
     1>RenderPackageImpl.cpp(136): error C2143: syntax error : missing ';' before '{'
     1>RenderPackageImpl.cpp(136): error C2143: syntax error : missing ')' before ';'
     1>RenderPackageImpl.cpp(136): error C2059: syntax error : ')'
     1>RenderPackageImpl.cpp(137): error C2143: syntax error : missing ';' before '}'
     1>RenderPackageImpl.cpp(140): error C2143: syntax error : missing ';' before '{'
     1>RenderPackageImpl.cpp(141): error C2143: syntax error : missing ';' before '{'
     1>RenderPackageImpl.cpp(141): error C2143: syntax error : missing ')' before ';'
     1>RenderPackageImpl.cpp(141): error C2059: syntax error : ')'
     1>RenderPackageImpl.cpp(142): error C2143: syntax error : missing ';' before '}'
     1>RenderPackageImpl.cpp(145): error C2143: syntax error : missing ';' before '{'
     1>RenderPackageImpl.cpp(146): error C2143: syntax error : missing ';' before '{'
     1>RenderPackageImpl.cpp(146): error C2143: syntax error : missing ')' before ';'
     1>RenderPackageImpl.cpp(146): error C2059: syntax error : ')'
     1>RenderPackageImpl.cpp(147): error C2143: syntax error : missing ';' before '}'
     1>RenderPackageImpl.cpp(150): error C2143: syntax error : missing ';' before '{'
     1>RenderPackageImpl.cpp(150): fatal error C1003: error count exceeds 100; stopping compilation
         RenderServiceImpl.cpp
     1>c:\jun\autodeskresearch\git\designscript\uis\studio\designscriptstudio.renderer\Contract.h(43): error C2653: 'Autodesk' : is not a class or namespace name
     1>c:\jun\autodeskresearch\git\designscript\uis\studio\designscriptstudio.renderer\Contract.h(43): error C2143: syntax error : missing ';' before '^'
     1>c:\jun\autodeskresearch\git\designscript\uis\studio\designscriptstudio.renderer\Contract.h(43): error C4430: missing type specifier - int assumed. Note: C++ does not support default-int
     1>c:\jun\autodeskresearch\git\designscript\uis\studio\designscriptstudio.renderer\Contract.h(43): error C4430: missing type specifier - int assumed. Note: C++ does not support default-int
     1>c:\jun\autodeskresearch\git\designscript\uis\studio\designscriptstudio.renderer\Contract.h(43): warning C4183: 'CreateRenderPackage': missing return type; assumed to be a member function returning 'int'
     1>c:\jun\autodeskresearch\git\designscript\uis\studio\designscriptstudio.renderer\Contract.h(44): error C2653: 'Autodesk' : is not a class or namespace name
     1>c:\jun\autodeskresearch\git\designscript\uis\studio\designscriptstudio.renderer\Contract.h(44): error C2061: syntax error : identifier 'IRenderPackage'
     1>c:\jun\autodeskresearch\git\designscript\uis\studio\designscriptstudio.renderer\Contract.h(58): error C2653: 'Autodesk' : is not a class or namespace name
     1>c:\jun\autodeskresearch\git\designscript\uis\studio\designscriptstudio.renderer\Contract.h(58): error C2061: syntax error : identifier 'IRenderPackage'
     1>c:\jun\autodeskresearch\git\designscript\uis\studio\designscriptstudio.renderer\Internal.h(277): error C2653: 'Autodesk' : is not a class or namespace name
     1>c:\jun\autodeskresearch\git\designscript\uis\studio\designscriptstudio.renderer\Internal.h(277): error C2653: 'Autodesk' : is not a class or namespace name
     1>c:\jun\autodeskresearch\git\designscript\uis\studio\designscriptstudio.renderer\Internal.h(277): error C2061: syntax error : identifier 'IRenderPackage'
     1>c:\jun\autodeskresearch\git\designscript\uis\studio\designscriptstudio.renderer\Internal.h(315): error C2653: 'Autodesk' : is not a class or namespace name
     1>c:\jun\autodeskresearch\git\designscript\uis\studio\designscriptstudio.renderer\Internal.h(315): error C2143: syntax error : missing ';' before '^'
     1>c:\jun\autodeskresearch\git\designscript\uis\studio\designscriptstudio.renderer\Internal.h(315): error C4430: missing type specifier - int assumed. Note: C++ does not support default-int
     1>c:\jun\autodeskresearch\git\designscript\uis\studio\designscriptstudio.renderer\Internal.h(315): error C4430: missing type specifier - int assumed. Note: C++ does not support default-int
     1>c:\jun\autodeskresearch\git\designscript\uis\studio\designscriptstudio.renderer\Internal.h(315): warning C4183: 'wrapper': missing return type; assumed to be a member function returning 'int'
     1>c:\jun\autodeskresearch\git\designscript\uis\studio\designscriptstudio.renderer\Internal.h(317): error C2653: 'Autodesk' : is not a class or namespace name
     1>c:\jun\autodeskresearch\git\designscript\uis\studio\designscriptstudio.renderer\Internal.h(317): error C2065: 'IRenderPackage' : undeclared identifier
     1>c:\jun\autodeskresearch\git\designscript\uis\studio\designscriptstudio.renderer\Internal.h(317): error C2059: syntax error : '>'
     1>c:\jun\autodeskresearch\git\designscript\uis\studio\designscriptstudio.renderer\Internal.h(318): error C2143: syntax error : missing ';' before '}'
     1>c:\jun\autodeskresearch\git\designscript\uis\studio\designscriptstudio.renderer\Internal.h(320): error C3379: 'DesignScriptStudio::Renderer::RenderPackageWrapper::RenderPackage' : a nested class cannot have an assembly access specifier as part of its declaration
     1>c:\jun\autodeskresearch\git\designscript\uis\studio\designscriptstudio.renderer\Internal.h(320): error C2653: 'Autodesk' : is not a class or namespace name
     1>c:\jun\autodeskresearch\git\designscript\uis\studio\designscriptstudio.renderer\Internal.h(321): error C2143: syntax error : missing ';' before '{'
     1>c:\jun\autodeskresearch\git\designscript\uis\studio\designscriptstudio.renderer\Internal.h(335): error C2143: syntax error : missing ';' before '{'
     1>c:\jun\autodeskresearch\git\designscript\uis\studio\designscriptstudio.renderer\Internal.h(345): error C2143: syntax error : missing ';' before '}'
     1>c:\jun\autodeskresearch\git\designscript\uis\studio\designscriptstudio.renderer\Internal.h(348): error C3379: 'DesignScriptStudio::Renderer::RenderPackageWrapper::RenderServiceImpl' : a nested class cannot have an assembly access specifier as part of its declaration
     1>c:\jun\autodeskresearch\git\designscript\uis\studio\designscriptstudio.renderer\Internal.h(348): error C2143: syntax error : missing ';' before '{'
     1>c:\jun\autodeskresearch\git\designscript\uis\studio\designscriptstudio.renderer\Internal.h(379): error C2065: 'mPixelHeight' : undeclared identifier
     1>c:\jun\autodeskresearch\git\designscript\uis\studio\designscriptstudio.renderer\Internal.h(386): error C2143: syntax error : missing ';' before '}'
     1>c:\jun\autodeskresearch\git\designscript\uis\studio\designscriptstudio.renderer\Internal.h(389): error C3379: 'DesignScriptStudio::Renderer::RenderPackageWrapper::RenderThread' : a nested class cannot have an assembly access specifier as part of its declaration
     1>c:\jun\autodeskresearch\git\designscript\uis\studio\designscriptstudio.renderer\Internal.h(389): error C2143: syntax error : missing ';' before '{'
     1>c:\jun\autodeskresearch\git\designscript\uis\studio\designscriptstudio.renderer\Internal.h(414): error C2065: 'mPixelHeight' : undeclared identifier
     1>c:\jun\autodeskresearch\git\designscript\uis\studio\designscriptstudio.renderer\Internal.h(443): error C2143: syntax error : missing ';' before '}'
     1>c:\jun\autodeskresearch\git\designscript\uis\studio\designscriptstudio.renderer\Internal.h(445): error C2143: syntax error : missing ';' before '}'
     1>RenderServiceImpl.cpp(9): error C2143: syntax error : missing ';' before '{'
     1>RenderServiceImpl.cpp(12): error C2143: syntax error : missing ')' before ';'
     1>RenderServiceImpl.cpp(12): error C2059: syntax error : ')'
     1>RenderServiceImpl.cpp(13): error C2143: syntax error : missing ';' before '{'
     1>RenderServiceImpl.cpp(18): error C2143: syntax error : missing ';' before '}'
     1>RenderServiceImpl.cpp(21): error C2143: syntax error : missing ';' before '}'
     1>RenderServiceImpl.cpp(23): error C2027: use of undefined type 'DesignScriptStudio::Renderer::RenderServiceImpl'
                 c:\jun\autodeskresearch\git\designscript\uis\studio\designscriptstudio.renderer\Contract.h(10) : see declaration of 'DesignScriptStudio::Renderer::RenderServiceImpl'
     1>RenderServiceImpl.cpp(24): error C2027: use of undefined type 'DesignScriptStudio::Renderer::RenderServiceImpl'
                 c:\jun\autodeskresearch\git\designscript\uis\studio\designscriptstudio.renderer\Contract.h(10) : see declaration of 'DesignScriptStudio::Renderer::RenderServiceImpl'
     1>RenderServiceImpl.cpp(25): error C2027: use of undefined type 'DesignScriptStudio::Renderer::RenderServiceImpl'
                 c:\jun\autodeskresearch\git\designscript\uis\studio\designscriptstudio.renderer\Contract.h(10) : see declaration of 'DesignScriptStudio::Renderer::RenderServiceImpl'
     1>RenderServiceImpl.cpp(27): error C2027: use of undefined type 'DesignScriptStudio::Renderer::RenderServiceImpl'
                 c:\jun\autodeskresearch\git\designscript\uis\studio\designscriptstudio.renderer\Contract.h(10) : see declaration of 'DesignScriptStudio::Renderer::RenderServiceImpl'
     1>RenderServiceImpl.cpp(28): error C3861: 'mPixelHeight': identifier not found
     1>RenderServiceImpl.cpp(29): error C3861: 'mpThumbnailPool': identifier not found
     1>RenderServiceImpl.cpp(30): error C3861: 'mhWndParent': identifier not found
     1>RenderServiceImpl.cpp(31): error C3861: 'mShutdownEvent': identifier not found
     1>RenderServiceImpl.cpp(32): error C3861: 'mPackageReadyEvent': identifier not found
     1>RenderServiceImpl.cpp(33): error C3861: 'mPackageListAccess': identifier not found
     1>RenderServiceImpl.cpp(34): error C2143: syntax error : missing ',' before '{'
     1>RenderServiceImpl.cpp(34): error C2143: syntax error : missing ';' before '{'
     1>RenderServiceImpl.cpp(35): error C2143: syntax error : missing ';' before '}'
     1>RenderServiceImpl.cpp(37): error C2027: use of undefined type 'DesignScriptStudio::Renderer::RenderServiceImpl'
                 c:\jun\autodeskresearch\git\designscript\uis\studio\designscriptstudio.renderer\Contract.h(10) : see declaration of 'DesignScriptStudio::Renderer::RenderServiceImpl'
     1>RenderServiceImpl.cpp(38): error C2143: syntax error : missing ';' before '{'
     1>RenderServiceImpl.cpp(40): error C2143: syntax error : missing ';' before '}'
     1>RenderServiceImpl.cpp(42): error C2027: use of undefined type 'DesignScriptStudio::Renderer::RenderServiceImpl'
                 c:\jun\autodeskresearch\git\designscript\uis\studio\designscriptstudio.renderer\Contract.h(10) : see declaration of 'DesignScriptStudio::Renderer::RenderServiceImpl'
     1>RenderServiceImpl.cpp(43): error C2143: syntax error : missing ';' before '{'
     1>RenderServiceImpl.cpp(44): error C2143: syntax error : missing ';' before '{'
     1>RenderServiceImpl.cpp(44): error C2065: 'width' : undeclared identifier
     1>RenderServiceImpl.cpp(44): error C2065: 'height' : undeclared identifier
     1>RenderServiceImpl.cpp(44): error C2143: syntax error : missing ',' before ')'
     1>RenderServiceImpl.cpp(50): error C2027: use of undefined type 'DesignScriptStudio::Renderer::RenderServiceImpl'
                 c:\jun\autodeskresearch\git\designscript\uis\studio\designscriptstudio.renderer\Contract.h(10) : see declaration of 'DesignScriptStudio::Renderer::RenderServiceImpl'
     1>RenderServiceImpl.cpp(50): error C2065: 'kPackageMutex' : undeclared identifier
     1>RenderServiceImpl.cpp(50): error C2143: syntax error : missing ',' before ')'
     1>RenderServiceImpl.cpp(54): error C2027: use of undefined type 'DesignScriptStudio::Renderer::RenderServiceImpl'
                 c:\jun\autodeskresearch\git\designscript\uis\studio\designscriptstudio.renderer\Contract.h(10) : see declaration of 'DesignScriptStudio::Renderer::RenderServiceImpl'
     1>RenderServiceImpl.cpp(54): error C2065: 'kPackageReadyEvent' : undeclared identifier
     1>RenderServiceImpl.cpp(54): error C2143: syntax error : missing ',' before ')'
     1>RenderServiceImpl.cpp(58): error C2027: use of undefined type 'DesignScriptStudio::Renderer::RenderServiceImpl'
                 c:\jun\autodeskresearch\git\designscript\uis\studio\designscriptstudio.renderer\Contract.h(10) : see declaration of 'DesignScriptStudio::Renderer::RenderServiceImpl'
     1>RenderServiceImpl.cpp(58): error C2065: 'kShutdownEvent' : undeclared identifier
     1>RenderServiceImpl.cpp(58): error C2143: syntax error : missing ',' before ')'
     1>RenderServiceImpl.cpp(66): error C2143: syntax error : missing ';' before '}'
     1>RenderServiceImpl.cpp(68): error C2027: use of undefined type 'DesignScriptStudio::Renderer::RenderServiceImpl'
                 c:\jun\autodeskresearch\git\designscript\uis\studio\designscriptstudio.renderer\Contract.h(10) : see declaration of 'DesignScriptStudio::Renderer::RenderServiceImpl'
     1>RenderServiceImpl.cpp(69): error C2143: syntax error : missing ';' before '{'
     1>RenderServiceImpl.cpp(78): error C2143: syntax error : missing ';' before '{'
     1>RenderServiceImpl.cpp(81): error C2143: syntax error : missing ';' before '{'
     1>RenderServiceImpl.cpp(85): error C2143: syntax error : missing ')' before ';'
     1>RenderServiceImpl.cpp(85): error C2059: syntax error : ')'
     1>RenderServiceImpl.cpp(89): error C2143: syntax error : missing ';' before '}'
     1>RenderServiceImpl.cpp(93): error C2143: syntax error : missing ';' before '}'
     1>RenderServiceImpl.cpp(96): error C2143: syntax error : missing ';' before '{'
     1>RenderServiceImpl.cpp(98): error C2143: syntax error : missing ')' before ';'
     1>RenderServiceImpl.cpp(98): error C2059: syntax error : ')'
     1>RenderServiceImpl.cpp(102): error C2143: syntax error : missing ';' before '}'
     1>RenderServiceImpl.cpp(113): error C2143: syntax error : missing ';' before '}'
     1>RenderServiceImpl.cpp(115): error C2027: use of undefined type 'DesignScriptStudio::Renderer::RenderServiceImpl'
                 c:\jun\autodeskresearch\git\designscript\uis\studio\designscriptstudio.renderer\Contract.h(10) : see declaration of 'DesignScriptStudio::Renderer::RenderServiceImpl'
     1>RenderServiceImpl.cpp(116): error C2143: syntax error : missing ';' before '{'
     1>RenderServiceImpl.cpp(121): error C2143: syntax error : missing ';' before '}'
     1>RenderServiceImpl.cpp(123): error C2027: use of undefined type 'DesignScriptStudio::Renderer::RenderServiceImpl'
                 c:\jun\autodeskresearch\git\designscript\uis\studio\designscriptstudio.renderer\Contract.h(10) : see declaration of 'DesignScriptStudio::Renderer::RenderServiceImpl'
     1>RenderServiceImpl.cpp(124): error C2143: syntax error : missing ';' before '{'
     1>RenderServiceImpl.cpp(131): error C2143: syntax error : missing ';' before '}'
     1>RenderServiceImpl.cpp(133): error C2027: use of undefined type 'DesignScriptStudio::Renderer::RenderServiceImpl'
                 c:\jun\autodeskresearch\git\designscript\uis\studio\designscriptstudio.renderer\Contract.h(10) : see declaration of 'DesignScriptStudio::Renderer::RenderServiceImpl'
     1>RenderServiceImpl.cpp(134): error C2143: syntax error : missing ';' before '{'
     1>RenderServiceImpl.cpp(138): error C2143: syntax error : missing ';' before '{'
     1>RenderServiceImpl.cpp(138): error C2065: 'mShutdownEvent' : undeclared identifier
     1>RenderServiceImpl.cpp(139): error C2065: 'handles' : undeclared identifier
     1>RenderServiceImpl.cpp(139): error C2143: syntax error : missing ',' before ')'
     1>RenderServiceImpl.cpp(140): error C2143: syntax error : missing ';' before '{'
     1>RenderServiceImpl.cpp(142): error C2143: syntax error : missing ';' before '{'
     1>RenderServiceImpl.cpp(146): error C2143: syntax error : missing ';' before '{'
     1>RenderServiceImpl.cpp(146): error C2065: 'id' : undeclared identifier
     1>RenderServiceImpl.cpp(146): error C2228: left of '.packageId' must have class/struct/union
                 type is ''unknown-type''
     1>RenderServiceImpl.cpp(146): error C2143: syntax error : missing ',' before ')'
     1>RenderServiceImpl.cpp(154): error C2143: syntax error : missing ';' before '}'
     1>RenderServiceImpl.cpp(159): error C2143: syntax error : missing ';' before '}'
     1>RenderServiceImpl.cpp(160): error C2143: syntax error : missing ';' before '}'
     1>RenderServiceImpl.cpp(160): fatal error C1003: error count exceeds 100; stopping compilation
         RenderThread.cpp
     1>c:\jun\autodeskresearch\git\designscript\uis\studio\designscriptstudio.renderer\Contract.h(43): error C2653: 'Autodesk' : is not a class or namespace name
     1>c:\jun\autodeskresearch\git\designscript\uis\studio\designscriptstudio.renderer\Contract.h(43): error C2143: syntax error : missing ';' before '^'
     1>c:\jun\autodeskresearch\git\designscript\uis\studio\designscriptstudio.renderer\Contract.h(43): error C4430: missing type specifier - int assumed. Note: C++ does not support default-int
     1>c:\jun\autodeskresearch\git\designscript\uis\studio\designscriptstudio.renderer\Contract.h(43): error C4430: missing type specifier - int assumed. Note: C++ does not support default-int
     1>c:\jun\autodeskresearch\git\designscript\uis\studio\designscriptstudio.renderer\Contract.h(43): warning C4183: 'CreateRenderPackage': missing return type; assumed to be a member function returning 'int'
     1>c:\jun\autodeskresearch\git\designscript\uis\studio\designscriptstudio.renderer\Contract.h(44): error C2653: 'Autodesk' : is not a class or namespace name
     1>c:\jun\autodeskresearch\git\designscript\uis\studio\designscriptstudio.renderer\Contract.h(44): error C2061: syntax error : identifier 'IRenderPackage'
     1>c:\jun\autodeskresearch\git\designscript\uis\studio\designscriptstudio.renderer\Contract.h(58): error C2653: 'Autodesk' : is not a class or namespace name
     1>c:\jun\autodeskresearch\git\designscript\uis\studio\designscriptstudio.renderer\Contract.h(58): error C2061: syntax error : identifier 'IRenderPackage'
     1>c:\jun\autodeskresearch\git\designscript\uis\studio\designscriptstudio.renderer\Internal.h(277): error C2653: 'Autodesk' : is not a class or namespace name
     1>c:\jun\autodeskresearch\git\designscript\uis\studio\designscriptstudio.renderer\Internal.h(277): error C2653: 'Autodesk' : is not a class or namespace name
     1>c:\jun\autodeskresearch\git\designscript\uis\studio\designscriptstudio.renderer\Internal.h(277): error C2061: syntax error : identifier 'IRenderPackage'
     1>c:\jun\autodeskresearch\git\designscript\uis\studio\designscriptstudio.renderer\Internal.h(315): error C2653: 'Autodesk' : is not a class or namespace name
     1>c:\jun\autodeskresearch\git\designscript\uis\studio\designscriptstudio.renderer\Internal.h(315): error C2143: syntax error : missing ';' before '^'
     1>c:\jun\autodeskresearch\git\designscript\uis\studio\designscriptstudio.renderer\Internal.h(315): error C4430: missing type specifier - int assumed. Note: C++ does not support default-int
     1>c:\jun\autodeskresearch\git\designscript\uis\studio\designscriptstudio.renderer\Internal.h(315): error C4430: missing type specifier - int assumed. Note: C++ does not support default-int
     1>c:\jun\autodeskresearch\git\designscript\uis\studio\designscriptstudio.renderer\Internal.h(315): warning C4183: 'wrapper': missing return type; assumed to be a member function returning 'int'
     1>c:\jun\autodeskresearch\git\designscript\uis\studio\designscriptstudio.renderer\Internal.h(317): error C2653: 'Autodesk' : is not a class or namespace name
     1>c:\jun\autodeskresearch\git\designscript\uis\studio\designscriptstudio.renderer\Internal.h(317): error C2065: 'IRenderPackage' : undeclared identifier
     1>c:\jun\autodeskresearch\git\designscript\uis\studio\designscriptstudio.renderer\Internal.h(317): error C2059: syntax error : '>'
     1>c:\jun\autodeskresearch\git\designscript\uis\studio\designscriptstudio.renderer\Internal.h(318): error C2143: syntax error : missing ';' before '}'
     1>c:\jun\autodeskresearch\git\designscript\uis\studio\designscriptstudio.renderer\Internal.h(320): error C3379: 'DesignScriptStudio::Renderer::RenderPackageWrapper::RenderPackage' : a nested class cannot have an assembly access specifier as part of its declaration
     1>c:\jun\autodeskresearch\git\designscript\uis\studio\designscriptstudio.renderer\Internal.h(320): error C2653: 'Autodesk' : is not a class or namespace name
     1>c:\jun\autodeskresearch\git\designscript\uis\studio\designscriptstudio.renderer\Internal.h(321): error C2143: syntax error : missing ';' before '{'
     1>c:\jun\autodeskresearch\git\designscript\uis\studio\designscriptstudio.renderer\Internal.h(335): error C2143: syntax error : missing ';' before '{'
     1>c:\jun\autodeskresearch\git\designscript\uis\studio\designscriptstudio.renderer\Internal.h(345): error C2143: syntax error : missing ';' before '}'
     1>c:\jun\autodeskresearch\git\designscript\uis\studio\designscriptstudio.renderer\Internal.h(348): error C3379: 'DesignScriptStudio::Renderer::RenderPackageWrapper::RenderServiceImpl' : a nested class cannot have an assembly access specifier as part of its declaration
     1>c:\jun\autodeskresearch\git\designscript\uis\studio\designscriptstudio.renderer\Internal.h(348): error C2143: syntax error : missing ';' before '{'
     1>c:\jun\autodeskresearch\git\designscript\uis\studio\designscriptstudio.renderer\Internal.h(379): error C2065: 'mPixelHeight' : undeclared identifier
     1>c:\jun\autodeskresearch\git\designscript\uis\studio\designscriptstudio.renderer\Internal.h(386): error C2143: syntax error : missing ';' before '}'
     1>c:\jun\autodeskresearch\git\designscript\uis\studio\designscriptstudio.renderer\Internal.h(389): error C3379: 'DesignScriptStudio::Renderer::RenderPackageWrapper::RenderThread' : a nested class cannot have an assembly access specifier as part of its declaration
     1>c:\jun\autodeskresearch\git\designscript\uis\studio\designscriptstudio.renderer\Internal.h(389): error C2143: syntax error : missing ';' before '{'
     1>c:\jun\autodeskresearch\git\designscript\uis\studio\designscriptstudio.renderer\Internal.h(414): error C2065: 'mPixelHeight' : undeclared identifier
     1>c:\jun\autodeskresearch\git\designscript\uis\studio\designscriptstudio.renderer\Internal.h(443): error C2143: syntax error : missing ';' before '}'
     1>c:\jun\autodeskresearch\git\designscript\uis\studio\designscriptstudio.renderer\Internal.h(445): error C2143: syntax error : missing ';' before '}'
     1>c:\jun\autodeskresearch\git\designscript\uis\studio\designscriptstudio.renderer\Primitives.h(6): error C2143: syntax error : missing ';' before '{'
     1>c:\jun\autodeskresearch\git\designscript\uis\studio\designscriptstudio.renderer\Primitives.h(9): error C2143: syntax error : missing ';' before '{'
     1>c:\jun\autodeskresearch\git\designscript\uis\studio\designscriptstudio.renderer\Primitives.h(11): error C3861: 'y': identifier not found
     1>c:\jun\autodeskresearch\git\designscript\uis\studio\designscriptstudio.renderer\Primitives.h(11): error C3861: 'z': identifier not found
     1>c:\jun\autodeskresearch\git\designscript\uis\studio\designscriptstudio.renderer\Primitives.h(11): error C2143: syntax error : missing ',' before '{'
     1>c:\jun\autodeskresearch\git\designscript\uis\studio\designscriptstudio.renderer\Primitives.h(11): error C2143: syntax error : missing ';' before '{'
     1>c:\jun\autodeskresearch\git\designscript\uis\studio\designscriptstudio.renderer\Primitives.h(12): error C2065: '_y' : undeclared identifier
     1>c:\jun\autodeskresearch\git\designscript\uis\studio\designscriptstudio.renderer\Primitives.h(12): error C3861: 'y': identifier not found
     1>c:\jun\autodeskresearch\git\designscript\uis\studio\designscriptstudio.renderer\Primitives.h(12): error C2065: '_z' : undeclared identifier
     1>c:\jun\autodeskresearch\git\designscript\uis\studio\designscriptstudio.renderer\Primitives.h(12): error C3861: 'z': identifier not found
     1>c:\jun\autodeskresearch\git\designscript\uis\studio\designscriptstudio.renderer\Primitives.h(12): error C2143: syntax error : missing ',' before '{'
     1>c:\jun\autodeskresearch\git\designscript\uis\studio\designscriptstudio.renderer\Primitives.h(12): error C2143: syntax error : missing ';' before '{'
     1>c:\jun\autodeskresearch\git\designscript\uis\studio\designscriptstudio.renderer\Primitives.h(15): error C2143: syntax error : missing ';' before '{'
     1>c:\jun\autodeskresearch\git\designscript\uis\studio\designscriptstudio.renderer\Primitives.h(16): error C2065: 'y' : undeclared identifier
     1>c:\jun\autodeskresearch\git\designscript\uis\studio\designscriptstudio.renderer\Primitives.h(16): error C2065: 'z' : undeclared identifier
     1>c:\jun\autodeskresearch\git\designscript\uis\studio\designscriptstudio.renderer\Primitives.h(16): error C2143: syntax error : missing ',' before ')'
     1>c:\jun\autodeskresearch\git\designscript\uis\studio\designscriptstudio.renderer\Primitives.h(17): error C2143: syntax error : missing ';' before '}'
     1>c:\jun\autodeskresearch\git\designscript\uis\studio\designscriptstudio.renderer\Primitives.h(19): error C2143: syntax error : missing ';' before '{'
     1>c:\jun\autodeskresearch\git\designscript\uis\studio\designscriptstudio.renderer\Primitives.h(19): error C2065: 'y' : undeclared identifier
     1>c:\jun\autodeskresearch\git\designscript\uis\studio\designscriptstudio.renderer\Primitives.h(19): error C2065: 'v' : undeclared identifier
     1>c:\jun\autodeskresearch\git\designscript\uis\studio\designscriptstudio.renderer\Primitives.h(19): error C2228: left of '.y' must have class/struct/union
                 type is ''unknown-type''
     1>c:\jun\autodeskresearch\git\designscript\uis\studio\designscriptstudio.renderer\Primitives.h(19): error C2065: 'z' : undeclared identifier
     1>c:\jun\autodeskresearch\git\designscript\uis\studio\designscriptstudio.renderer\Primitives.h(19): error C2065: 'v' : undeclared identifier
     1>c:\jun\autodeskresearch\git\designscript\uis\studio\designscriptstudio.renderer\Primitives.h(19): error C2228: left of '.z' must have class/struct/union
                 type is ''unknown-type''
     1>c:\jun\autodeskresearch\git\designscript\uis\studio\designscriptstudio.renderer\Primitives.h(19): error C2143: syntax error : missing ',' before ')'
     1>c:\jun\autodeskresearch\git\designscript\uis\studio\designscriptstudio.renderer\Primitives.h(20): error C2143: syntax error : missing ';' before '{'
     1>c:\jun\autodeskresearch\git\designscript\uis\studio\designscriptstudio.renderer\Primitives.h(20): error C2065: 'v' : undeclared identifier
     1>c:\jun\autodeskresearch\git\designscript\uis\studio\designscriptstudio.renderer\Primitives.h(20): error C2228: left of '.y' must have class/struct/union
                 type is ''unknown-type''
     1>c:\jun\autodeskresearch\git\designscript\uis\studio\designscriptstudio.renderer\Primitives.h(20): error C2065: 'v' : undeclared identifier
     1>c:\jun\autodeskresearch\git\designscript\uis\studio\designscriptstudio.renderer\Primitives.h(20): error C2228: left of '.z' must have class/struct/union
                 type is ''unknown-type''
     1>c:\jun\autodeskresearch\git\designscript\uis\studio\designscriptstudio.renderer\Primitives.h(20): error C2143: syntax error : missing ',' before ')'
     1>c:\jun\autodeskresearch\git\designscript\uis\studio\designscriptstudio.renderer\Primitives.h(21): error C2143: syntax error : missing ';' before '{'
     1>c:\jun\autodeskresearch\git\designscript\uis\studio\designscriptstudio.renderer\Primitives.h(21): error C2065: 'd' : undeclared identifier
     1>c:\jun\autodeskresearch\git\designscript\uis\studio\designscriptstudio.renderer\Primitives.h(21): error C2065: 'd' : undeclared identifier
     1>c:\jun\autodeskresearch\git\designscript\uis\studio\designscriptstudio.renderer\Primitives.h(21): error C2143: syntax error : missing ',' before ')'
     1>c:\jun\autodeskresearch\git\designscript\uis\studio\designscriptstudio.renderer\Primitives.h(22): error C2143: syntax error : missing ';' before '{'
     1>c:\jun\autodeskresearch\git\designscript\uis\studio\designscriptstudio.renderer\Primitives.h(25): error C2143: syntax error : missing ';' before '{'
     1>c:\jun\autodeskresearch\git\designscript\uis\studio\designscriptstudio.renderer\Primitives.h(27): error C2143: syntax error : missing ';' before '}'
     1>c:\jun\autodeskresearch\git\designscript\uis\studio\designscriptstudio.renderer\Primitives.h(30): error C2143: syntax error : missing ';' before '{'
     1>c:\jun\autodeskresearch\git\designscript\uis\studio\designscriptstudio.renderer\Primitives.h(35): error C2143: syntax error : missing ';' before '}'
     1>c:\jun\autodeskresearch\git\designscript\uis\studio\designscriptstudio.renderer\Primitives.h(38): error C2143: syntax error : missing ';' before '{'
     1>c:\jun\autodeskresearch\git\designscript\uis\studio\designscriptstudio.renderer\Primitives.h(39): error C2143: syntax error : missing ',' before ')'
     1>c:\jun\autodeskresearch\git\designscript\uis\studio\designscriptstudio.renderer\Primitives.h(40): error C2143: syntax error : missing ';' before '}'
     1>c:\jun\autodeskresearch\git\designscript\uis\studio\designscriptstudio.renderer\Primitives.h(43): error C2143: syntax error : missing ';' before '{'
     1>c:\jun\autodeskresearch\git\designscript\uis\studio\designscriptstudio.renderer\Primitives.h(47): error C2065: 'oy' : undeclared identifier
     1>c:\jun\autodeskresearch\git\designscript\uis\studio\designscriptstudio.renderer\Primitives.h(47): error C2065: 'oz' : undeclared identifier
     1>c:\jun\autodeskresearch\git\designscript\uis\studio\designscriptstudio.renderer\Primitives.h(47): error C2143: syntax error : missing ',' before ')'
     1>c:\jun\autodeskresearch\git\designscript\uis\studio\designscriptstudio.renderer\Primitives.h(48): error C2143: syntax error : missing ';' before '}'
     1>c:\jun\autodeskresearch\git\designscript\uis\studio\designscriptstudio.renderer\Primitives.h(53): error C2143: syntax error : missing ';' before '}'
     1>c:\jun\autodeskresearch\git\designscript\uis\studio\designscriptstudio.renderer\Primitives.h(55): error C2143: syntax error : missing ';' before '}'
     1>c:\jun\autodeskresearch\git\designscript\uis\studio\designscriptstudio.renderer\Camera.h(6): error C2143: syntax error : missing ';' before '{'
     1>c:\jun\autodeskresearch\git\designscript\uis\studio\designscriptstudio.renderer\Camera.h(9): error C2143: syntax error : missing ';' before '{'
     1>c:\jun\autodeskresearch\git\designscript\uis\studio\designscriptstudio.renderer\Camera.h(26): error C2065: 'mViewAspect' : undeclared identifier
     1>c:\jun\autodeskresearch\git\designscript\uis\studio\designscriptstudio.renderer\Camera.h(27): error C2065: 'mFarClip' : undeclared identifier
     1>c:\jun\autodeskresearch\git\designscript\uis\studio\designscriptstudio.renderer\Camera.h(28): error C2065: 'mTarget' : undeclared identifier
     1>c:\jun\autodeskresearch\git\designscript\uis\studio\designscriptstudio.renderer\Camera.h(28): error C2065: 'mUpVector' : undeclared identifier
     1>c:\jun\autodeskresearch\git\designscript\uis\studio\designscriptstudio.renderer\Camera.h(28): error C2143: syntax error : missing ',' before ';'
     1>c:\jun\autodeskresearch\git\designscript\uis\studio\designscriptstudio.renderer\Camera.h(29): error C2143: syntax error : missing ';' before '}'
     1>c:\jun\autodeskresearch\git\designscript\uis\studio\designscriptstudio.renderer\Camera.h(31): error C2143: syntax error : missing ';' before '}'
     1>RenderThread.cpp(13): error C2143: syntax error : missing ';' before '{'
     1>RenderThread.cpp(15): error C2143: syntax error : missing ';' before '}'
     1>RenderThread.cpp(19): error C2027: use of undefined type 'DesignScriptStudio::Renderer::RenderThread'
                 c:\jun\autodeskresearch\git\designscript\uis\studio\designscriptstudio.renderer\Internal.h(63) : see declaration of 'DesignScriptStudio::Renderer::RenderThread'
     1>RenderThread.cpp(23): error C2065: 'height' : undeclared identifier
     1>RenderThread.cpp(23): error C3861: 'mPixelHeight': identifier not found
     1>RenderThread.cpp(24): error C2065: 'hRenderWindow' : undeclared identifier
     1>RenderThread.cpp(24): error C3861: 'mhRenderWindow': identifier not found
     1>RenderThread.cpp(25): error C3861: 'mFrameBufferDC': identifier not found
     1>RenderThread.cpp(25): error C3861: 'mFrameBufferRC': identifier not found
     1>RenderThread.cpp(26): error C3861: 'mPointVboId': identifier not found
     1>RenderThread.cpp(26): error C3861: 'mLineStripVboId': identifier not found
     1>RenderThread.cpp(26): error C3861: 'mTriangleVboId': identifier not found
     1>RenderThread.cpp(33): error C3861: 'mColorRenderBufferId': identifier not found
     1>RenderThread.cpp(33): fatal error C1003: error count exceeds 100; stopping compilation
         RenderService.cpp
     1>c:\jun\autodeskresearch\git\designscript\uis\studio\designscriptstudio.renderer\Contract.h(43): error C2653: 'Autodesk' : is not a class or namespace name
     1>c:\jun\autodeskresearch\git\designscript\uis\studio\designscriptstudio.renderer\Contract.h(43): error C2143: syntax error : missing ';' before '^'
     1>c:\jun\autodeskresearch\git\designscript\uis\studio\designscriptstudio.renderer\Contract.h(43): error C4430: missing type specifier - int assumed. Note: C++ does not support default-int
     1>c:\jun\autodeskresearch\git\designscript\uis\studio\designscriptstudio.renderer\Contract.h(43): error C4430: missing type specifier - int assumed. Note: C++ does not support default-int
     1>c:\jun\autodeskresearch\git\designscript\uis\studio\designscriptstudio.renderer\Contract.h(43): warning C4183: 'CreateRenderPackage': missing return type; assumed to be a member function returning 'int'
     1>c:\jun\autodeskresearch\git\designscript\uis\studio\designscriptstudio.renderer\Contract.h(44): error C2653: 'Autodesk' : is not a class or namespace name
     1>c:\jun\autodeskresearch\git\designscript\uis\studio\designscriptstudio.renderer\Contract.h(44): error C2061: syntax error : identifier 'IRenderPackage'
     1>c:\jun\autodeskresearch\git\designscript\uis\studio\designscriptstudio.renderer\Contract.h(58): error C2653: 'Autodesk' : is not a class or namespace name
     1>c:\jun\autodeskresearch\git\designscript\uis\studio\designscriptstudio.renderer\Contract.h(58): error C2061: syntax error : identifier 'IRenderPackage'
     1>c:\jun\autodeskresearch\git\designscript\uis\studio\designscriptstudio.renderer\Internal.h(277): error C2653: 'Autodesk' : is not a class or namespace name
     1>c:\jun\autodeskresearch\git\designscript\uis\studio\designscriptstudio.renderer\Internal.h(277): error C2653: 'Autodesk' : is not a class or namespace name
     1>c:\jun\autodeskresearch\git\designscript\uis\studio\designscriptstudio.renderer\Internal.h(277): error C2061: syntax error : identifier 'IRenderPackage'
     1>c:\jun\autodeskresearch\git\designscript\uis\studio\designscriptstudio.renderer\Internal.h(315): error C2653: 'Autodesk' : is not a class or namespace name
     1>c:\jun\autodeskresearch\git\designscript\uis\studio\designscriptstudio.renderer\Internal.h(315): error C2143: syntax error : missing ';' before '^'
     1>c:\jun\autodeskresearch\git\designscript\uis\studio\designscriptstudio.renderer\Internal.h(315): error C4430: missing type specifier - int assumed. Note: C++ does not support default-int
     1>c:\jun\autodeskresearch\git\designscript\uis\studio\designscriptstudio.renderer\Internal.h(315): error C4430: missing type specifier - int assumed. Note: C++ does not support default-int
     1>c:\jun\autodeskresearch\git\designscript\uis\studio\designscriptstudio.renderer\Internal.h(315): warning C4183: 'wrapper': missing return type; assumed to be a member function returning 'int'
     1>c:\jun\autodeskresearch\git\designscript\uis\studio\designscriptstudio.renderer\Internal.h(317): error C2653: 'Autodesk' : is not a class or namespace name
     1>c:\jun\autodeskresearch\git\designscript\uis\studio\designscriptstudio.renderer\Internal.h(317): error C2065: 'IRenderPackage' : undeclared identifier
     1>c:\jun\autodeskresearch\git\designscript\uis\studio\designscriptstudio.renderer\Internal.h(317): error C2059: syntax error : '>'
     1>c:\jun\autodeskresearch\git\designscript\uis\studio\designscriptstudio.renderer\Internal.h(318): error C2143: syntax error : missing ';' before '}'
     1>c:\jun\autodeskresearch\git\designscript\uis\studio\designscriptstudio.renderer\Internal.h(320): error C3379: 'DesignScriptStudio::Renderer::RenderPackageWrapper::RenderPackage' : a nested class cannot have an assembly access specifier as part of its declaration
     1>c:\jun\autodeskresearch\git\designscript\uis\studio\designscriptstudio.renderer\Internal.h(320): error C2653: 'Autodesk' : is not a class or namespace name
     1>c:\jun\autodeskresearch\git\designscript\uis\studio\designscriptstudio.renderer\Internal.h(321): error C2143: syntax error : missing ';' before '{'
     1>c:\jun\autodeskresearch\git\designscript\uis\studio\designscriptstudio.renderer\Internal.h(335): error C2143: syntax error : missing ';' before '{'
     1>c:\jun\autodeskresearch\git\designscript\uis\studio\designscriptstudio.renderer\Internal.h(345): error C2143: syntax error : missing ';' before '}'
     1>c:\jun\autodeskresearch\git\designscript\uis\studio\designscriptstudio.renderer\Internal.h(348): error C3379: 'DesignScriptStudio::Renderer::RenderPackageWrapper::RenderServiceImpl' : a nested class cannot have an assembly access specifier as part of its declaration
     1>c:\jun\autodeskresearch\git\designscript\uis\studio\designscriptstudio.renderer\Internal.h(348): error C2143: syntax error : missing ';' before '{'
     1>c:\jun\autodeskresearch\git\designscript\uis\studio\designscriptstudio.renderer\Internal.h(379): error C2065: 'mPixelHeight' : undeclared identifier
     1>c:\jun\autodeskresearch\git\designscript\uis\studio\designscriptstudio.renderer\Internal.h(386): error C2143: syntax error : missing ';' before '}'
     1>c:\jun\autodeskresearch\git\designscript\uis\studio\designscriptstudio.renderer\Internal.h(389): error C3379: 'DesignScriptStudio::Renderer::RenderPackageWrapper::RenderThread' : a nested class cannot have an assembly access specifier as part of its declaration
     1>c:\jun\autodeskresearch\git\designscript\uis\studio\designscriptstudio.renderer\Internal.h(389): error C2143: syntax error : missing ';' before '{'
     1>c:\jun\autodeskresearch\git\designscript\uis\studio\designscriptstudio.renderer\Internal.h(414): error C2065: 'mPixelHeight' : undeclared identifier
     1>c:\jun\autodeskresearch\git\designscript\uis\studio\designscriptstudio.renderer\Internal.h(443): error C2143: syntax error : missing ';' before '}'
     1>c:\jun\autodeskresearch\git\designscript\uis\studio\designscriptstudio.renderer\Internal.h(445): error C2143: syntax error : missing ';' before '}'
     1>RenderService.cpp(7): error C2653: 'Autodesk' : is not a class or namespace name
     1>RenderService.cpp(12): error C2653: 'ServiceStatus' : is not a class or namespace name
     1>RenderService.cpp(12): error C2065: 'None' : undeclared identifier
     1>RenderService.cpp(12): error C3861: 'mServiceStatus': identifier not found
     1>RenderService.cpp(13): error C2143: syntax error : missing ',' before '{'
     1>RenderService.cpp(13): error C2143: syntax error : missing ';' before '{'
     1>RenderService.cpp(16): error C2143: syntax error : missing ';' before '}'
     1>RenderService.cpp(19): error C2143: syntax error : missing ';' before '{'
     1>RenderService.cpp(20): error C2143: syntax error : missing ';' before '{'
     1>RenderService.cpp(24): error C2143: syntax error : missing ';' before '}'
     1>RenderService.cpp(27): error C2143: syntax error : missing ';' before '}'
     1>RenderService.cpp(30): error C2143: syntax error : missing ';' before '{'
     1>RenderService.cpp(32): error C2143: syntax error : missing ';' before '}'
     1>RenderService.cpp(35): error C2143: syntax error : missing ';' before '{'
     1>RenderService.cpp(36): error C2065: 'packageId' : undeclared identifier
     1>RenderService.cpp(37): error C2143: syntax error : missing ';' before '}'
     1>RenderService.cpp(40): error C2143: syntax error : missing ';' before '{'
     1>RenderService.cpp(43): error C2653: 'ServiceStatus' : is not a class or namespace name
     1>RenderService.cpp(47): error C2143: syntax error : missing ';' before '{'
     1>RenderService.cpp(48): error C2653: 'ServiceStatus' : is not a class or namespace name
     1>RenderService.cpp(50): error C2143: syntax error : missing ';' before '{'
     1>RenderService.cpp(51): error C2653: 'ServiceStatus' : is not a class or namespace name
     1>RenderService.cpp(53): error C2143: syntax error : missing ';' before '}'
     1>RenderService.cpp(54): error C2143: syntax error : missing ';' before '}'
     1>RenderService.cpp(66): error C2143: syntax error : missing ';' before '}'
     1>RenderService.cpp(69): error C2143: syntax error : missing ';' before '{'
     1>RenderService.cpp(75): error C2065: 'height' : undeclared identifier
     1>RenderService.cpp(75): error C2143: syntax error : missing ',' before ';'
     1>RenderService.cpp(76): error C2065: 'height' : undeclared identifier
     1>RenderService.cpp(80): error C2065: 'id' : undeclared identifier
     1>RenderService.cpp(80): error C2228: left of '.packageId' must have class/struct/union
                 type is ''unknown-type''
     1>RenderService.cpp(80): error C2143: syntax error : missing ',' before ')'
     1>RenderService.cpp(84): error C2653: 'Marshal' : is not a class or namespace name
     1>RenderService.cpp(84): error C2065: 'thumbnail' : undeclared identifier
     1>RenderService.cpp(84): error C2227: left of '->pixels' must point to class/struct/union/generic type
                 type is ''unknown-type''
     1>RenderService.cpp(84): error C2065: 'bytes' : undeclared identifier
     1>RenderService.cpp(84): error C2143: syntax error : missing ',' before ')'
     1>RenderService.cpp(88): error C2143: syntax error : missing ';' before '}'
     1>RenderService.cpp(91): error C2143: syntax error : missing ';' before '{'
     1>RenderService.cpp(93): error C2143: syntax error : missing ';' before '}'
     1>RenderService.cpp(96): error C2653: 'Autodesk' : is not a class or namespace name
     1>RenderService.cpp(97): error C2143: syntax error : missing ';' before '{'
     1>RenderService.cpp(100): error C2143: syntax error : missing ';' before '}'
     1>RenderService.cpp(103): error C2143: syntax error : missing ';' before '{'
     1>RenderService.cpp(106): error C2143: syntax error : missing ';' before '}'
     1>RenderService.cpp(107): error C2143: syntax error : missing ';' before '}'
     1>RenderService.cpp(107): fatal error C1004: unexpected end-of-file found
         ThumbnailPool.cpp
     1>c:\jun\autodeskresearch\git\designscript\uis\studio\designscriptstudio.renderer\Contract.h(43): error C2653: 'Autodesk' : is not a class or namespace name
     1>c:\jun\autodeskresearch\git\designscript\uis\studio\designscriptstudio.renderer\Contract.h(43): error C2143: syntax error : missing ';' before '^'
     1>c:\jun\autodeskresearch\git\designscript\uis\studio\designscriptstudio.renderer\Contract.h(43): error C4430: missing type specifier - int assumed. Note: C++ does not support default-int
     1>c:\jun\autodeskresearch\git\designscript\uis\studio\designscriptstudio.renderer\Contract.h(43): error C4430: missing type specifier - int assumed. Note: C++ does not support default-int
     1>c:\jun\autodeskresearch\git\designscript\uis\studio\designscriptstudio.renderer\Contract.h(43): warning C4183: 'CreateRenderPackage': missing return type; assumed to be a member function returning 'int'
     1>c:\jun\autodeskresearch\git\designscript\uis\studio\designscriptstudio.renderer\Contract.h(44): error C2653: 'Autodesk' : is not a class or namespace name
     1>c:\jun\autodeskresearch\git\designscript\uis\studio\designscriptstudio.renderer\Contract.h(44): error C2061: syntax error : identifier 'IRenderPackage'
     1>c:\jun\autodeskresearch\git\designscript\uis\studio\designscriptstudio.renderer\Contract.h(58): error C2653: 'Autodesk' : is not a class or namespace name
     1>c:\jun\autodeskresearch\git\designscript\uis\studio\designscriptstudio.renderer\Contract.h(58): error C2061: syntax error : identifier 'IRenderPackage'
     1>c:\jun\autodeskresearch\git\designscript\uis\studio\designscriptstudio.renderer\Internal.h(277): error C2653: 'Autodesk' : is not a class or namespace name
     1>c:\jun\autodeskresearch\git\designscript\uis\studio\designscriptstudio.renderer\Internal.h(277): error C2653: 'Autodesk' : is not a class or namespace name
     1>c:\jun\autodeskresearch\git\designscript\uis\studio\designscriptstudio.renderer\Internal.h(277): error C2061: syntax error : identifier 'IRenderPackage'
     1>c:\jun\autodeskresearch\git\designscript\uis\studio\designscriptstudio.renderer\Internal.h(315): error C2653: 'Autodesk' : is not a class or namespace name
     1>c:\jun\autodeskresearch\git\designscript\uis\studio\designscriptstudio.renderer\Internal.h(315): error C2143: syntax error : missing ';' before '^'
     1>c:\jun\autodeskresearch\git\designscript\uis\studio\designscriptstudio.renderer\Internal.h(315): error C4430: missing type specifier - int assumed. Note: C++ does not support default-int
     1>c:\jun\autodeskresearch\git\designscript\uis\studio\designscriptstudio.renderer\Internal.h(315): error C4430: missing type specifier - int assumed. Note: C++ does not support default-int
     1>c:\jun\autodeskresearch\git\designscript\uis\studio\designscriptstudio.renderer\Internal.h(315): warning C4183: 'wrapper': missing return type; assumed to be a member function returning 'int'
     1>c:\jun\autodeskresearch\git\designscript\uis\studio\designscriptstudio.renderer\Internal.h(317): error C2653: 'Autodesk' : is not a class or namespace name
     1>c:\jun\autodeskresearch\git\designscript\uis\studio\designscriptstudio.renderer\Internal.h(317): error C2065: 'IRenderPackage' : undeclared identifier
     1>c:\jun\autodeskresearch\git\designscript\uis\studio\designscriptstudio.renderer\Internal.h(317): error C2059: syntax error : '>'
     1>c:\jun\autodeskresearch\git\designscript\uis\studio\designscriptstudio.renderer\Internal.h(318): error C2143: syntax error : missing ';' before '}'
     1>c:\jun\autodeskresearch\git\designscript\uis\studio\designscriptstudio.renderer\Internal.h(320): error C3379: 'DesignScriptStudio::Renderer::RenderPackageWrapper::RenderPackage' : a nested class cannot have an assembly access specifier as part of its declaration
     1>c:\jun\autodeskresearch\git\designscript\uis\studio\designscriptstudio.renderer\Internal.h(320): error C2653: 'Autodesk' : is not a class or namespace name
     1>c:\jun\autodeskresearch\git\designscript\uis\studio\designscriptstudio.renderer\Internal.h(321): error C2143: syntax error : missing ';' before '{'
     1>c:\jun\autodeskresearch\git\designscript\uis\studio\designscriptstudio.renderer\Internal.h(335): error C2143: syntax error : missing ';' before '{'
     1>c:\jun\autodeskresearch\git\designscript\uis\studio\designscriptstudio.renderer\Internal.h(345): error C2143: syntax error : missing ';' before '}'
     1>c:\jun\autodeskresearch\git\designscript\uis\studio\designscriptstudio.renderer\Internal.h(348): error C3379: 'DesignScriptStudio::Renderer::RenderPackageWrapper::RenderServiceImpl' : a nested class cannot have an assembly access specifier as part of its declaration
     1>c:\jun\autodeskresearch\git\designscript\uis\studio\designscriptstudio.renderer\Internal.h(348): error C2143: syntax error : missing ';' before '{'
     1>c:\jun\autodeskresearch\git\designscript\uis\studio\designscriptstudio.renderer\Internal.h(379): error C2065: 'mPixelHeight' : undeclared identifier
     1>c:\jun\autodeskresearch\git\designscript\uis\studio\designscriptstudio.renderer\Internal.h(386): error C2143: syntax error : missing ';' before '}'
     1>c:\jun\autodeskresearch\git\designscript\uis\studio\designscriptstudio.renderer\Internal.h(389): error C3379: 'DesignScriptStudio::Renderer::RenderPackageWrapper::RenderThread' : a nested class cannot have an assembly access specifier as part of its declaration
     1>c:\jun\autodeskresearch\git\designscript\uis\studio\designscriptstudio.renderer\Internal.h(389): error C2143: syntax error : missing ';' before '{'
     1>c:\jun\autodeskresearch\git\designscript\uis\studio\designscriptstudio.renderer\Internal.h(414): error C2065: 'mPixelHeight' : undeclared identifier
     1>c:\jun\autodeskresearch\git\designscript\uis\studio\designscriptstudio.renderer\Internal.h(443): error C2143: syntax error : missing ';' before '}'
     1>c:\jun\autodeskresearch\git\designscript\uis\studio\designscriptstudio.renderer\Internal.h(445): error C2143: syntax error : missing ';' before '}'
     1>ThumbnailPool.cpp(10): error C2065: 'height' : undeclared identifier
     1>ThumbnailPool.cpp(10): error C3861: 'mPixelHeight': identifier not found
     1>ThumbnailPool.cpp(11): error C3861: 'mpPixelBuffer': identifier not found
     1>ThumbnailPool.cpp(12): error C2143: syntax error : missing ',' before '{'
     1>ThumbnailPool.cpp(12): error C2143: syntax error : missing ';' before '{'
     1>ThumbnailPool.cpp(17): error C2143: syntax error : missing ';' before '}'
     1>ThumbnailPool.cpp(20): error C2143: syntax error : missing ';' before '{'
     1>ThumbnailPool.cpp(21): error C2143: syntax error : missing ';' before '{'
     1>ThumbnailPool.cpp(24): error C2143: syntax error : missing ';' before '}'
     1>ThumbnailPool.cpp(25): error C2143: syntax error : missing ';' before '}'
     1>ThumbnailPool.cpp(28): error C2143: syntax error : missing ';' before '{'
     1>ThumbnailPool.cpp(30): error C2143: syntax error : missing ';' before '}'
     1>ThumbnailPool.cpp(32): error C2146: syntax error : missing ',' before identifier 'height'
     1>ThumbnailPool.cpp(32): error C2065: 'height' : undeclared identifier
     1>ThumbnailPool.cpp(32): error C2143: syntax error : missing ',' before ')'
     1>ThumbnailPool.cpp(33): error C2143: syntax error : missing ';' before '{'
     1>ThumbnailPool.cpp(36): error C2143: syntax error : missing ';' before '}'
     1>ThumbnailPool.cpp(39): error C2143: syntax error : missing ';' before '{'
     1>ThumbnailPool.cpp(41): error C2143: syntax error : missing ';' before '}'
     1>ThumbnailPool.cpp(44): error C2143: syntax error : missing ';' before '{'
     1>ThumbnailPool.cpp(47): error C2143: syntax error : missing ';' before '}'
     1>ThumbnailPool.cpp(50): error C2143: syntax error : missing ';' before '{'
     1>ThumbnailPool.cpp(52): error C2143: syntax error : missing ';' before '}'
     1>ThumbnailPool.cpp(60): error C3861: 'mThumbWidth': identifier not found
     1>ThumbnailPool.cpp(61): error C3861: 'mThumbHeight': identifier not found
     1>ThumbnailPool.cpp(62): error C3861: 'mNotifierThread': identifier not found
     1>ThumbnailPool.cpp(63): error C3861: 'mShutdownEvent': identifier not found
     1>ThumbnailPool.cpp(64): error C3861: 'mThumbnailPoolAccess': identifier not found
     1>ThumbnailPool.cpp(65): error C2143: syntax error : missing ',' before '{'
     1>ThumbnailPool.cpp(65): error C2143: syntax error : missing ';' before '{'
     1>ThumbnailPool.cpp(66): error C2143: syntax error : missing ';' before '}'
     1>ThumbnailPool.cpp(69): error C2143: syntax error : missing ';' before '{'
     1>ThumbnailPool.cpp(71): error C2143: syntax error : missing ';' before '}'
     1>ThumbnailPool.cpp(74): error C2143: syntax error : missing ';' before '{'
     1>ThumbnailPool.cpp(77): error C2027: use of undefined type 'DesignScriptStudio::Renderer::RenderServiceImpl'
                 c:\jun\autodeskresearch\git\designscript\uis\studio\designscriptstudio.renderer\Contract.h(10) : see declaration of 'DesignScriptStudio::Renderer::RenderServiceImpl'
     1>ThumbnailPool.cpp(77): error C2065: 'kShutdownEvent' : undeclared identifier
     1>ThumbnailPool.cpp(77): error C2143: syntax error : missing ',' before ')'
     1>ThumbnailPool.cpp(78): error C2143: syntax error : missing ',' before ')'
     1>ThumbnailPool.cpp(82): error C2065: 'pRoutine' : undeclared identifier
     1>ThumbnailPool.cpp(82): error C2355: 'this' : can only be referenced inside non-static member functions
     1>ThumbnailPool.cpp(82): error C2065: 'threadId' : undeclared identifier
     1>ThumbnailPool.cpp(82): error C2143: syntax error : missing ',' before ')'
     1>ThumbnailPool.cpp(83): error C2143: syntax error : missing ';' before '}'
     1>ThumbnailPool.cpp(86): error C2143: syntax error : missing ';' before '{'
     1>ThumbnailPool.cpp(88): error C2143: syntax error : missing ';' before '{'
     1>ThumbnailPool.cpp(93): error C2143: syntax error : missing ';' before '}'
     1>ThumbnailPool.cpp(95): error C2143: syntax error : missing ';' before '{'
     1>ThumbnailPool.cpp(98): error C2143: syntax error : missing ';' before '}'
     1>ThumbnailPool.cpp(101): error C2143: syntax error : missing ')' before ';'
     1>ThumbnailPool.cpp(101): error C2059: syntax error : ')'
     1>ThumbnailPool.cpp(105): error C2143: syntax error : missing ')' before ';'
     1>ThumbnailPool.cpp(105): error C2059: syntax error : ')'
     1>ThumbnailPool.cpp(111): error C2143: syntax error : missing ';' before '}'
     1>ThumbnailPool.cpp(114): error C2143: syntax error : missing ';' before '{'
     1>ThumbnailPool.cpp(118): error C2143: syntax error : missing ';' before '{'
     1>ThumbnailPool.cpp(118): error C2065: 'mShutdownEvent' : undeclared identifier
     1>ThumbnailPool.cpp(119): error C2065: 'handles' : undeclared identifier
     1>ThumbnailPool.cpp(119): error C2143: syntax error : missing ',' before ')'
     1>ThumbnailPool.cpp(120): error C2143: syntax error : missing ';' before '{'
     1>ThumbnailPool.cpp(122): error C2143: syntax error : missing ';' before '{'
     1>ThumbnailPool.cpp(127): error C2143: syntax error : missing ';' before '}'
     1>ThumbnailPool.cpp(131): error C2143: syntax error : missing ';' before '}'
     1>ThumbnailPool.cpp(134): error C2143: syntax error : missing ';' before '}'
     1>ThumbnailPool.cpp(137): error C2143: syntax error : missing ';' before '{'
     1>ThumbnailPool.cpp(143): error C2143: syntax error : missing ';' before '}'
     1>ThumbnailPool.cpp(146): error C2143: syntax error : missing ';' before '{'
     1>ThumbnailPool.cpp(149): error C2143: syntax error : missing ';' before '}'
     1>ThumbnailPool.cpp(152): error C2143: syntax error : missing ';' before '{'
     1>ThumbnailPool.cpp(155): error C2143: syntax error : missing ';' before '{'
     1>ThumbnailPool.cpp(159): error C2143: syntax error : missing ';' before '{'
     1>ThumbnailPool.cpp(159): error C2065: 'mThumbnailPoolAccess' : undeclared identifier
     1>ThumbnailPool.cpp(160): error C2065: 'handles' : undeclared identifier
     1>ThumbnailPool.cpp(160): fatal error C1003: error count exceeds 100; stopping compilation
         Generating Code...
     1>Done Building Project "C:\jun\AutodeskResearch\git\designscript\UIs\Studio\DesignScriptStudio.Renderer\DesignScriptStudio.Renderer.vcxproj" (rebuild target(s)) -- FAILED.

Build FAILED.

Time Elapsed 00:00:07.70
